<?xml version="1.0" encoding="UTF-8"?>
<testsuite xmlns:xsi="http://www.w3.org/2001/XMLSchema-instance" xsi:noNamespaceSchemaLocation="https://maven.apache.org/surefire/maven-surefire-plugin/xsd/surefire-test-report-3.0.xsd" version="3.0" name="br.adv.cra.controller.AuthControllerIntegrationTest" time="19.962" tests="2" errors="0" skipped="0" failures="0">
  <properties>
    <property name="java.specification.version" value="23"/>
    <property name="sun.cpu.isalist" value="amd64"/>
    <property name="sun.jnu.encoding" value="Cp1252"/>
    <property name="java.class.path" value="D:\Programs\m2\org\apache\maven\surefire\surefire-booter\3.2.5\surefire-booter-3.2.5.jar;D:\Programs\m2\org\apache\maven\surefire\surefire-api\3.2.5\surefire-api-3.2.5.jar;D:\Programs\m2\org\apache\maven\surefire\surefire-logger-api\3.2.5\surefire-logger-api-3.2.5.jar;D:\Programs\m2\org\apache\maven\surefire\surefire-shared-utils\3.2.5\surefire-shared-utils-3.2.5.jar;D:\Programs\m2\org\apache\maven\surefire\surefire-extensions-spi\3.2.5\surefire-extensions-spi-3.2.5.jar;d:\Projetos\craweb\cra-backend\target\test-classes;d:\Projetos\craweb\cra-backend\target\classes;D:\Programs\m2\org\springframework\boot\spring-boot-starter-web\3.2.5\spring-boot-starter-web-3.2.5.jar;D:\Programs\m2\org\springframework\boot\spring-boot-starter\3.2.5\spring-boot-starter-3.2.5.jar;D:\Programs\m2\org\springframework\boot\spring-boot\3.2.5\spring-boot-3.2.5.jar;D:\Programs\m2\org\springframework\boot\spring-boot-autoconfigure\3.2.5\spring-boot-autoconfigure-3.2.5.jar;D:\Programs\m2\org\springframework\boot\spring-boot-starter-logging\3.2.5\spring-boot-starter-logging-3.2.5.jar;D:\Programs\m2\ch\qos\logback\logback-classic\1.4.14\logback-classic-1.4.14.jar;D:\Programs\m2\ch\qos\logback\logback-core\1.4.14\logback-core-1.4.14.jar;D:\Programs\m2\org\apache\logging\log4j\log4j-to-slf4j\2.21.1\log4j-to-slf4j-2.21.1.jar;D:\Programs\m2\org\apache\logging\log4j\log4j-api\2.21.1\log4j-api-2.21.1.jar;D:\Programs\m2\org\slf4j\jul-to-slf4j\2.0.13\jul-to-slf4j-2.0.13.jar;D:\Programs\m2\jakarta\annotation\jakarta.annotation-api\2.1.1\jakarta.annotation-api-2.1.1.jar;D:\Programs\m2\org\yaml\snakeyaml\2.2\snakeyaml-2.2.jar;D:\Programs\m2\org\springframework\boot\spring-boot-starter-json\3.2.5\spring-boot-starter-json-3.2.5.jar;D:\Programs\m2\com\fasterxml\jackson\datatype\jackson-datatype-jdk8\2.15.4\jackson-datatype-jdk8-2.15.4.jar;D:\Programs\m2\com\fasterxml\jackson\datatype\jackson-datatype-jsr310\2.15.4\jackson-datatype-jsr310-2.15.4.jar;D:\Programs\m2\com\fasterxml\jackson\module\jackson-module-parameter-names\2.15.4\jackson-module-parameter-names-2.15.4.jar;D:\Programs\m2\org\springframework\boot\spring-boot-starter-tomcat\3.2.5\spring-boot-starter-tomcat-3.2.5.jar;D:\Programs\m2\org\apache\tomcat\embed\tomcat-embed-core\10.1.20\tomcat-embed-core-10.1.20.jar;D:\Programs\m2\org\apache\tomcat\embed\tomcat-embed-websocket\10.1.20\tomcat-embed-websocket-10.1.20.jar;D:\Programs\m2\org\springframework\spring-web\6.1.6\spring-web-6.1.6.jar;D:\Programs\m2\org\springframework\spring-beans\6.1.6\spring-beans-6.1.6.jar;D:\Programs\m2\io\micrometer\micrometer-observation\1.12.5\micrometer-observation-1.12.5.jar;D:\Programs\m2\io\micrometer\micrometer-commons\1.12.5\micrometer-commons-1.12.5.jar;D:\Programs\m2\org\springframework\spring-webmvc\6.1.6\spring-webmvc-6.1.6.jar;D:\Programs\m2\org\springframework\spring-context\6.1.6\spring-context-6.1.6.jar;D:\Programs\m2\org\springframework\spring-expression\6.1.6\spring-expression-6.1.6.jar;D:\Programs\m2\org\springframework\boot\spring-boot-starter-data-jpa\3.2.5\spring-boot-starter-data-jpa-3.2.5.jar;D:\Programs\m2\org\springframework\boot\spring-boot-starter-aop\3.2.5\spring-boot-starter-aop-3.2.5.jar;D:\Programs\m2\org\aspectj\aspectjweaver\1.9.22\aspectjweaver-1.9.22.jar;D:\Programs\m2\org\springframework\boot\spring-boot-starter-jdbc\3.2.5\spring-boot-starter-jdbc-3.2.5.jar;D:\Programs\m2\com\zaxxer\HikariCP\5.0.1\HikariCP-5.0.1.jar;D:\Programs\m2\org\springframework\spring-jdbc\6.1.6\spring-jdbc-6.1.6.jar;D:\Programs\m2\org\hibernate\orm\hibernate-core\6.4.4.Final\hibernate-core-6.4.4.Final.jar;D:\Programs\m2\jakarta\persistence\jakarta.persistence-api\3.1.0\jakarta.persistence-api-3.1.0.jar;D:\Programs\m2\jakarta\transaction\jakarta.transaction-api\2.0.1\jakarta.transaction-api-2.0.1.jar;D:\Programs\m2\org\jboss\logging\jboss-logging\3.5.3.Final\jboss-logging-3.5.3.Final.jar;D:\Programs\m2\org\hibernate\common\hibernate-commons-annotations\6.0.6.Final\hibernate-commons-annotations-6.0.6.Final.jar;D:\Programs\m2\io\smallrye\jandex\3.1.2\jandex-3.1.2.jar;D:\Programs\m2\com\fasterxml\classmate\1.6.0\classmate-1.6.0.jar;D:\Programs\m2\org\glassfish\jaxb\jaxb-runtime\4.0.5\jaxb-runtime-4.0.5.jar;D:\Programs\m2\org\glassfish\jaxb\jaxb-core\4.0.5\jaxb-core-4.0.5.jar;D:\Programs\m2\org\eclipse\angus\angus-activation\2.0.2\angus-activation-2.0.2.jar;D:\Programs\m2\org\glassfish\jaxb\txw2\4.0.5\txw2-4.0.5.jar;D:\Programs\m2\com\sun\istack\istack-commons-runtime\4.1.2\istack-commons-runtime-4.1.2.jar;D:\Programs\m2\jakarta\inject\jakarta.inject-api\2.0.1\jakarta.inject-api-2.0.1.jar;D:\Programs\m2\org\antlr\antlr4-runtime\4.13.0\antlr4-runtime-4.13.0.jar;D:\Programs\m2\org\springframework\data\spring-data-jpa\3.2.5\spring-data-jpa-3.2.5.jar;D:\Programs\m2\org\springframework\data\spring-data-commons\3.2.5\spring-data-commons-3.2.5.jar;D:\Programs\m2\org\springframework\spring-orm\6.1.6\spring-orm-6.1.6.jar;D:\Programs\m2\org\springframework\spring-tx\6.1.6\spring-tx-6.1.6.jar;D:\Programs\m2\org\slf4j\slf4j-api\2.0.13\slf4j-api-2.0.13.jar;D:\Programs\m2\org\springframework\spring-aspects\6.1.6\spring-aspects-6.1.6.jar;D:\Programs\m2\org\springframework\boot\spring-boot-starter-validation\3.2.5\spring-boot-starter-validation-3.2.5.jar;D:\Programs\m2\org\apache\tomcat\embed\tomcat-embed-el\10.1.20\tomcat-embed-el-10.1.20.jar;D:\Programs\m2\org\hibernate\validator\hibernate-validator\8.0.1.Final\hibernate-validator-8.0.1.Final.jar;D:\Programs\m2\jakarta\validation\jakarta.validation-api\3.0.2\jakarta.validation-api-3.0.2.jar;D:\Programs\m2\org\springframework\boot\spring-boot-starter-security\3.2.5\spring-boot-starter-security-3.2.5.jar;D:\Programs\m2\org\springframework\spring-aop\6.1.6\spring-aop-6.1.6.jar;D:\Programs\m2\org\springframework\security\spring-security-config\6.2.4\spring-security-config-6.2.4.jar;D:\Programs\m2\org\springframework\security\spring-security-core\6.2.4\spring-security-core-6.2.4.jar;D:\Programs\m2\org\springframework\security\spring-security-crypto\6.2.4\spring-security-crypto-6.2.4.jar;D:\Programs\m2\org\springframework\security\spring-security-web\6.2.4\spring-security-web-6.2.4.jar;D:\Programs\m2\io\jsonwebtoken\jjwt-api\0.11.5\jjwt-api-0.11.5.jar;D:\Programs\m2\io\jsonwebtoken\jjwt-impl\0.11.5\jjwt-impl-0.11.5.jar;D:\Programs\m2\io\jsonwebtoken\jjwt-jackson\0.11.5\jjwt-jackson-0.11.5.jar;D:\Programs\m2\org\postgresql\postgresql\42.6.2\postgresql-42.6.2.jar;D:\Programs\m2\org\checkerframework\checker-qual\3.31.0\checker-qual-3.31.0.jar;D:\Programs\m2\com\h2database\h2\2.2.224\h2-2.2.224.jar;D:\Programs\m2\org\springframework\boot\spring-boot-starter-test\3.2.5\spring-boot-starter-test-3.2.5.jar;D:\Programs\m2\org\springframework\boot\spring-boot-test\3.2.5\spring-boot-test-3.2.5.jar;D:\Programs\m2\org\springframework\boot\spring-boot-test-autoconfigure\3.2.5\spring-boot-test-autoconfigure-3.2.5.jar;D:\Programs\m2\com\jayway\jsonpath\json-path\2.9.0\json-path-2.9.0.jar;D:\Programs\m2\jakarta\xml\bind\jakarta.xml.bind-api\4.0.2\jakarta.xml.bind-api-4.0.2.jar;D:\Programs\m2\jakarta\activation\jakarta.activation-api\2.1.3\jakarta.activation-api-2.1.3.jar;D:\Programs\m2\net\minidev\json-smart\2.5.1\json-smart-2.5.1.jar;D:\Programs\m2\net\minidev\accessors-smart\2.5.1\accessors-smart-2.5.1.jar;D:\Programs\m2\org\ow2\asm\asm\9.6\asm-9.6.jar;D:\Programs\m2\org\assertj\assertj-core\3.24.2\assertj-core-3.24.2.jar;D:\Programs\m2\org\awaitility\awaitility\4.2.1\awaitility-4.2.1.jar;D:\Programs\m2\org\hamcrest\hamcrest\2.2\hamcrest-2.2.jar;D:\Programs\m2\org\junit\jupiter\junit-jupiter\5.10.2\junit-jupiter-5.10.2.jar;D:\Programs\m2\org\junit\jupiter\junit-jupiter-api\5.10.2\junit-jupiter-api-5.10.2.jar;D:\Programs\m2\org\opentest4j\opentest4j\1.3.0\opentest4j-1.3.0.jar;D:\Programs\m2\org\junit\platform\junit-platform-commons\1.10.2\junit-platform-commons-1.10.2.jar;D:\Programs\m2\org\apiguardian\apiguardian-api\1.1.2\apiguardian-api-1.1.2.jar;D:\Programs\m2\org\junit\jupiter\junit-jupiter-params\5.10.2\junit-jupiter-params-5.10.2.jar;D:\Programs\m2\org\junit\jupiter\junit-jupiter-engine\5.10.2\junit-jupiter-engine-5.10.2.jar;D:\Programs\m2\org\junit\platform\junit-platform-engine\1.10.2\junit-platform-engine-1.10.2.jar;D:\Programs\m2\org\mockito\mockito-junit-jupiter\5.7.0\mockito-junit-jupiter-5.7.0.jar;D:\Programs\m2\org\skyscreamer\jsonassert\1.5.1\jsonassert-1.5.1.jar;D:\Programs\m2\com\vaadin\external\google\android-json\0.0.20131108.vaadin1\android-json-0.0.20131108.vaadin1.jar;D:\Programs\m2\org\springframework\spring-core\6.1.6\spring-core-6.1.6.jar;D:\Programs\m2\org\springframework\spring-jcl\6.1.6\spring-jcl-6.1.6.jar;D:\Programs\m2\org\springframework\spring-test\6.1.6\spring-test-6.1.6.jar;D:\Programs\m2\org\xmlunit\xmlunit-core\2.9.1\xmlunit-core-2.9.1.jar;D:\Programs\m2\org\mockito\mockito-core\5.7.0\mockito-core-5.7.0.jar;D:\Programs\m2\net\bytebuddy\byte-buddy\1.14.13\byte-buddy-1.14.13.jar;D:\Programs\m2\net\bytebuddy\byte-buddy-agent\1.14.13\byte-buddy-agent-1.14.13.jar;D:\Programs\m2\org\objenesis\objenesis\3.3\objenesis-3.3.jar;D:\Programs\m2\com\fasterxml\jackson\core\jackson-databind\2.15.4\jackson-databind-2.15.4.jar;D:\Programs\m2\com\fasterxml\jackson\core\jackson-annotations\2.15.4\jackson-annotations-2.15.4.jar;D:\Programs\m2\com\fasterxml\jackson\core\jackson-core\2.15.4\jackson-core-2.15.4.jar;D:\Programs\m2\org\projectlombok\lombok\1.18.30\lombok-1.18.30.jar;D:\Programs\m2\org\springdoc\springdoc-openapi-starter-webmvc-ui\2.5.0\springdoc-openapi-starter-webmvc-ui-2.5.0.jar;D:\Programs\m2\org\springdoc\springdoc-openapi-starter-webmvc-api\2.5.0\springdoc-openapi-starter-webmvc-api-2.5.0.jar;D:\Programs\m2\org\springdoc\springdoc-openapi-starter-common\2.5.0\springdoc-openapi-starter-common-2.5.0.jar;D:\Programs\m2\io\swagger\core\v3\swagger-core-jakarta\2.2.21\swagger-core-jakarta-2.2.21.jar;D:\Programs\m2\org\apache\commons\commons-lang3\3.13.0\commons-lang3-3.13.0.jar;D:\Programs\m2\io\swagger\core\v3\swagger-annotations-jakarta\2.2.21\swagger-annotations-jakarta-2.2.21.jar;D:\Programs\m2\io\swagger\core\v3\swagger-models-jakarta\2.2.21\swagger-models-jakarta-2.2.21.jar;D:\Programs\m2\com\fasterxml\jackson\dataformat\jackson-dataformat-yaml\2.15.4\jackson-dataformat-yaml-2.15.4.jar;D:\Programs\m2\org\webjars\swagger-ui\5.13.0\swagger-ui-5.13.0.jar;D:\Programs\m2\org\apache\maven\surefire\surefire-junit-platform\3.2.5\surefire-junit-platform-3.2.5.jar;D:\Programs\m2\org\apache\maven\surefire\common-java5\3.2.5\common-java5-3.2.5.jar;D:\Programs\m2\org\junit\platform\junit-platform-launcher\1.10.2\junit-platform-launcher-1.10.2.jar"/>
    <property name="LOGBACK_ROLLINGPOLICY_MAX_FILE_SIZE" value="10485760"/>
    <property name="java.vm.vendor" value="Oracle Corporation"/>
    <property name="net.bytebuddy.experimental" value="true"/>
    <property name="sun.arch.data.model" value="64"/>
    <property name="user.variant" value=""/>
    <property name="java.vendor.url" value="https://java.oracle.com/"/>
    <property name="user.timezone" value="America/Sao_Paulo"/>
    <property name="org.jboss.logging.provider" value="slf4j"/>
    <property name="os.name" value="Windows 11"/>
    <property name="java.vm.specification.version" value="23"/>
    <property name="user.country" value="US"/>
    <property name="sun.java.launcher" value="SUN_STANDARD"/>
    <property name="sun.boot.library.path" value="D:\Programs\.jdks\openjdk-23\bin"/>
    <property name="sun.java.command" value="org.apache.maven.surefire.booter.ForkedBooter C:\Users\nsouz\AppData\Local\Temp\surefire17628149335083303823 2025-09-08T07-39-48_985-jvmRun1 surefire-20250908073949260_1tmp surefire_0-20250908073949260_2tmp"/>
    <property name="jdk.debug" value="release"/>
    <property name="surefire.test.class.path" value="d:\Projetos\craweb\cra-backend\target\test-classes;d:\Projetos\craweb\cra-backend\target\classes;D:\Programs\m2\org\springframework\boot\spring-boot-starter-web\3.2.5\spring-boot-starter-web-3.2.5.jar;D:\Programs\m2\org\springframework\boot\spring-boot-starter\3.2.5\spring-boot-starter-3.2.5.jar;D:\Programs\m2\org\springframework\boot\spring-boot\3.2.5\spring-boot-3.2.5.jar;D:\Programs\m2\org\springframework\boot\spring-boot-autoconfigure\3.2.5\spring-boot-autoconfigure-3.2.5.jar;D:\Programs\m2\org\springframework\boot\spring-boot-starter-logging\3.2.5\spring-boot-starter-logging-3.2.5.jar;D:\Programs\m2\ch\qos\logback\logback-classic\1.4.14\logback-classic-1.4.14.jar;D:\Programs\m2\ch\qos\logback\logback-core\1.4.14\logback-core-1.4.14.jar;D:\Programs\m2\org\apache\logging\log4j\log4j-to-slf4j\2.21.1\log4j-to-slf4j-2.21.1.jar;D:\Programs\m2\org\apache\logging\log4j\log4j-api\2.21.1\log4j-api-2.21.1.jar;D:\Programs\m2\org\slf4j\jul-to-slf4j\2.0.13\jul-to-slf4j-2.0.13.jar;D:\Programs\m2\jakarta\annotation\jakarta.annotation-api\2.1.1\jakarta.annotation-api-2.1.1.jar;D:\Programs\m2\org\yaml\snakeyaml\2.2\snakeyaml-2.2.jar;D:\Programs\m2\org\springframework\boot\spring-boot-starter-json\3.2.5\spring-boot-starter-json-3.2.5.jar;D:\Programs\m2\com\fasterxml\jackson\datatype\jackson-datatype-jdk8\2.15.4\jackson-datatype-jdk8-2.15.4.jar;D:\Programs\m2\com\fasterxml\jackson\datatype\jackson-datatype-jsr310\2.15.4\jackson-datatype-jsr310-2.15.4.jar;D:\Programs\m2\com\fasterxml\jackson\module\jackson-module-parameter-names\2.15.4\jackson-module-parameter-names-2.15.4.jar;D:\Programs\m2\org\springframework\boot\spring-boot-starter-tomcat\3.2.5\spring-boot-starter-tomcat-3.2.5.jar;D:\Programs\m2\org\apache\tomcat\embed\tomcat-embed-core\10.1.20\tomcat-embed-core-10.1.20.jar;D:\Programs\m2\org\apache\tomcat\embed\tomcat-embed-websocket\10.1.20\tomcat-embed-websocket-10.1.20.jar;D:\Programs\m2\org\springframework\spring-web\6.1.6\spring-web-6.1.6.jar;D:\Programs\m2\org\springframework\spring-beans\6.1.6\spring-beans-6.1.6.jar;D:\Programs\m2\io\micrometer\micrometer-observation\1.12.5\micrometer-observation-1.12.5.jar;D:\Programs\m2\io\micrometer\micrometer-commons\1.12.5\micrometer-commons-1.12.5.jar;D:\Programs\m2\org\springframework\spring-webmvc\6.1.6\spring-webmvc-6.1.6.jar;D:\Programs\m2\org\springframework\spring-context\6.1.6\spring-context-6.1.6.jar;D:\Programs\m2\org\springframework\spring-expression\6.1.6\spring-expression-6.1.6.jar;D:\Programs\m2\org\springframework\boot\spring-boot-starter-data-jpa\3.2.5\spring-boot-starter-data-jpa-3.2.5.jar;D:\Programs\m2\org\springframework\boot\spring-boot-starter-aop\3.2.5\spring-boot-starter-aop-3.2.5.jar;D:\Programs\m2\org\aspectj\aspectjweaver\1.9.22\aspectjweaver-1.9.22.jar;D:\Programs\m2\org\springframework\boot\spring-boot-starter-jdbc\3.2.5\spring-boot-starter-jdbc-3.2.5.jar;D:\Programs\m2\com\zaxxer\HikariCP\5.0.1\HikariCP-5.0.1.jar;D:\Programs\m2\org\springframework\spring-jdbc\6.1.6\spring-jdbc-6.1.6.jar;D:\Programs\m2\org\hibernate\orm\hibernate-core\6.4.4.Final\hibernate-core-6.4.4.Final.jar;D:\Programs\m2\jakarta\persistence\jakarta.persistence-api\3.1.0\jakarta.persistence-api-3.1.0.jar;D:\Programs\m2\jakarta\transaction\jakarta.transaction-api\2.0.1\jakarta.transaction-api-2.0.1.jar;D:\Programs\m2\org\jboss\logging\jboss-logging\3.5.3.Final\jboss-logging-3.5.3.Final.jar;D:\Programs\m2\org\hibernate\common\hibernate-commons-annotations\6.0.6.Final\hibernate-commons-annotations-6.0.6.Final.jar;D:\Programs\m2\io\smallrye\jandex\3.1.2\jandex-3.1.2.jar;D:\Programs\m2\com\fasterxml\classmate\1.6.0\classmate-1.6.0.jar;D:\Programs\m2\org\glassfish\jaxb\jaxb-runtime\4.0.5\jaxb-runtime-4.0.5.jar;D:\Programs\m2\org\glassfish\jaxb\jaxb-core\4.0.5\jaxb-core-4.0.5.jar;D:\Programs\m2\org\eclipse\angus\angus-activation\2.0.2\angus-activation-2.0.2.jar;D:\Programs\m2\org\glassfish\jaxb\txw2\4.0.5\txw2-4.0.5.jar;D:\Programs\m2\com\sun\istack\istack-commons-runtime\4.1.2\istack-commons-runtime-4.1.2.jar;D:\Programs\m2\jakarta\inject\jakarta.inject-api\2.0.1\jakarta.inject-api-2.0.1.jar;D:\Programs\m2\org\antlr\antlr4-runtime\4.13.0\antlr4-runtime-4.13.0.jar;D:\Programs\m2\org\springframework\data\spring-data-jpa\3.2.5\spring-data-jpa-3.2.5.jar;D:\Programs\m2\org\springframework\data\spring-data-commons\3.2.5\spring-data-commons-3.2.5.jar;D:\Programs\m2\org\springframework\spring-orm\6.1.6\spring-orm-6.1.6.jar;D:\Programs\m2\org\springframework\spring-tx\6.1.6\spring-tx-6.1.6.jar;D:\Programs\m2\org\slf4j\slf4j-api\2.0.13\slf4j-api-2.0.13.jar;D:\Programs\m2\org\springframework\spring-aspects\6.1.6\spring-aspects-6.1.6.jar;D:\Programs\m2\org\springframework\boot\spring-boot-starter-validation\3.2.5\spring-boot-starter-validation-3.2.5.jar;D:\Programs\m2\org\apache\tomcat\embed\tomcat-embed-el\10.1.20\tomcat-embed-el-10.1.20.jar;D:\Programs\m2\org\hibernate\validator\hibernate-validator\8.0.1.Final\hibernate-validator-8.0.1.Final.jar;D:\Programs\m2\jakarta\validation\jakarta.validation-api\3.0.2\jakarta.validation-api-3.0.2.jar;D:\Programs\m2\org\springframework\boot\spring-boot-starter-security\3.2.5\spring-boot-starter-security-3.2.5.jar;D:\Programs\m2\org\springframework\spring-aop\6.1.6\spring-aop-6.1.6.jar;D:\Programs\m2\org\springframework\security\spring-security-config\6.2.4\spring-security-config-6.2.4.jar;D:\Programs\m2\org\springframework\security\spring-security-core\6.2.4\spring-security-core-6.2.4.jar;D:\Programs\m2\org\springframework\security\spring-security-crypto\6.2.4\spring-security-crypto-6.2.4.jar;D:\Programs\m2\org\springframework\security\spring-security-web\6.2.4\spring-security-web-6.2.4.jar;D:\Programs\m2\io\jsonwebtoken\jjwt-api\0.11.5\jjwt-api-0.11.5.jar;D:\Programs\m2\io\jsonwebtoken\jjwt-impl\0.11.5\jjwt-impl-0.11.5.jar;D:\Programs\m2\io\jsonwebtoken\jjwt-jackson\0.11.5\jjwt-jackson-0.11.5.jar;D:\Programs\m2\org\postgresql\postgresql\42.6.2\postgresql-42.6.2.jar;D:\Programs\m2\org\checkerframework\checker-qual\3.31.0\checker-qual-3.31.0.jar;D:\Programs\m2\com\h2database\h2\2.2.224\h2-2.2.224.jar;D:\Programs\m2\org\springframework\boot\spring-boot-starter-test\3.2.5\spring-boot-starter-test-3.2.5.jar;D:\Programs\m2\org\springframework\boot\spring-boot-test\3.2.5\spring-boot-test-3.2.5.jar;D:\Programs\m2\org\springframework\boot\spring-boot-test-autoconfigure\3.2.5\spring-boot-test-autoconfigure-3.2.5.jar;D:\Programs\m2\com\jayway\jsonpath\json-path\2.9.0\json-path-2.9.0.jar;D:\Programs\m2\jakarta\xml\bind\jakarta.xml.bind-api\4.0.2\jakarta.xml.bind-api-4.0.2.jar;D:\Programs\m2\jakarta\activation\jakarta.activation-api\2.1.3\jakarta.activation-api-2.1.3.jar;D:\Programs\m2\net\minidev\json-smart\2.5.1\json-smart-2.5.1.jar;D:\Programs\m2\net\minidev\accessors-smart\2.5.1\accessors-smart-2.5.1.jar;D:\Programs\m2\org\ow2\asm\asm\9.6\asm-9.6.jar;D:\Programs\m2\org\assertj\assertj-core\3.24.2\assertj-core-3.24.2.jar;D:\Programs\m2\org\awaitility\awaitility\4.2.1\awaitility-4.2.1.jar;D:\Programs\m2\org\hamcrest\hamcrest\2.2\hamcrest-2.2.jar;D:\Programs\m2\org\junit\jupiter\junit-jupiter\5.10.2\junit-jupiter-5.10.2.jar;D:\Programs\m2\org\junit\jupiter\junit-jupiter-api\5.10.2\junit-jupiter-api-5.10.2.jar;D:\Programs\m2\org\opentest4j\opentest4j\1.3.0\opentest4j-1.3.0.jar;D:\Programs\m2\org\junit\platform\junit-platform-commons\1.10.2\junit-platform-commons-1.10.2.jar;D:\Programs\m2\org\apiguardian\apiguardian-api\1.1.2\apiguardian-api-1.1.2.jar;D:\Programs\m2\org\junit\jupiter\junit-jupiter-params\5.10.2\junit-jupiter-params-5.10.2.jar;D:\Programs\m2\org\junit\jupiter\junit-jupiter-engine\5.10.2\junit-jupiter-engine-5.10.2.jar;D:\Programs\m2\org\junit\platform\junit-platform-engine\1.10.2\junit-platform-engine-1.10.2.jar;D:\Programs\m2\org\mockito\mockito-junit-jupiter\5.7.0\mockito-junit-jupiter-5.7.0.jar;D:\Programs\m2\org\skyscreamer\jsonassert\1.5.1\jsonassert-1.5.1.jar;D:\Programs\m2\com\vaadin\external\google\android-json\0.0.20131108.vaadin1\android-json-0.0.20131108.vaadin1.jar;D:\Programs\m2\org\springframework\spring-core\6.1.6\spring-core-6.1.6.jar;D:\Programs\m2\org\springframework\spring-jcl\6.1.6\spring-jcl-6.1.6.jar;D:\Programs\m2\org\springframework\spring-test\6.1.6\spring-test-6.1.6.jar;D:\Programs\m2\org\xmlunit\xmlunit-core\2.9.1\xmlunit-core-2.9.1.jar;D:\Programs\m2\org\mockito\mockito-core\5.7.0\mockito-core-5.7.0.jar;D:\Programs\m2\net\bytebuddy\byte-buddy\1.14.13\byte-buddy-1.14.13.jar;D:\Programs\m2\net\bytebuddy\byte-buddy-agent\1.14.13\byte-buddy-agent-1.14.13.jar;D:\Programs\m2\org\objenesis\objenesis\3.3\objenesis-3.3.jar;D:\Programs\m2\com\fasterxml\jackson\core\jackson-databind\2.15.4\jackson-databind-2.15.4.jar;D:\Programs\m2\com\fasterxml\jackson\core\jackson-annotations\2.15.4\jackson-annotations-2.15.4.jar;D:\Programs\m2\com\fasterxml\jackson\core\jackson-core\2.15.4\jackson-core-2.15.4.jar;D:\Programs\m2\org\projectlombok\lombok\1.18.30\lombok-1.18.30.jar;D:\Programs\m2\org\springdoc\springdoc-openapi-starter-webmvc-ui\2.5.0\springdoc-openapi-starter-webmvc-ui-2.5.0.jar;D:\Programs\m2\org\springdoc\springdoc-openapi-starter-webmvc-api\2.5.0\springdoc-openapi-starter-webmvc-api-2.5.0.jar;D:\Programs\m2\org\springdoc\springdoc-openapi-starter-common\2.5.0\springdoc-openapi-starter-common-2.5.0.jar;D:\Programs\m2\io\swagger\core\v3\swagger-core-jakarta\2.2.21\swagger-core-jakarta-2.2.21.jar;D:\Programs\m2\org\apache\commons\commons-lang3\3.13.0\commons-lang3-3.13.0.jar;D:\Programs\m2\io\swagger\core\v3\swagger-annotations-jakarta\2.2.21\swagger-annotations-jakarta-2.2.21.jar;D:\Programs\m2\io\swagger\core\v3\swagger-models-jakarta\2.2.21\swagger-models-jakarta-2.2.21.jar;D:\Programs\m2\com\fasterxml\jackson\dataformat\jackson-dataformat-yaml\2.15.4\jackson-dataformat-yaml-2.15.4.jar;D:\Programs\m2\org\webjars\swagger-ui\5.13.0\swagger-ui-5.13.0.jar;"/>
    <property name="sun.cpu.endian" value="little"/>
    <property name="user.home" value="C:\Users\nsouz"/>
    <property name="user.language" value="en"/>
    <property name="java.specification.vendor" value="Oracle Corporation"/>
    <property name="java.version.date" value="2025-01-21"/>
    <property name="java.home" value="D:\Programs\.jdks\openjdk-23"/>
    <property name="file.separator" value="\"/>
    <property name="basedir" value="d:\Projetos\craweb\cra-backend"/>
    <property name="java.vm.compressedOopsMode" value="Zero based"/>
    <property name="line.separator" value="&#10;"/>
    <property name="java.vm.specification.vendor" value="Oracle Corporation"/>
    <property name="java.specification.name" value="Java Platform API Specification"/>
    <property name="FILE_LOG_CHARSET" value="UTF-8"/>
    <property name="java.awt.headless" value="true"/>
    <property name="user.script" value=""/>
    <property name="sun.management.compiler" value="HotSpot 64-Bit Tiered Compilers"/>
    <property name="java.runtime.version" value="23.0.2+7-58"/>
    <property name="user.name" value="nsouz"/>
    <property name="stdout.encoding" value="Cp1252"/>
    <property name="path.separator" value=";"/>
    <property name="os.version" value="10.0"/>
    <property name="java.runtime.name" value="OpenJDK Runtime Environment"/>
    <property name="file.encoding" value="UTF-8"/>
    <property name="java.vm.name" value="OpenJDK 64-Bit Server VM"/>
    <property name="LOG_FILE" value="logs/cra-backend.log"/>
    <property name="localRepository" value="D:\Programs\m2"/>
    <property name="java.vendor.url.bug" value="https://bugreport.java.com/bugreport/"/>
    <property name="java.io.tmpdir" value="C:\Users\nsouz\AppData\Local\Temp\"/>
    <property name="java.version" value="23.0.2"/>
    <property name="user.dir" value="d:\Projetos\craweb\cra-backend"/>
    <property name="os.arch" value="amd64"/>
    <property name="java.vm.specification.name" value="Java Virtual Machine Specification"/>
    <property name="PID" value="33392"/>
    <property name="sun.os.patch.level" value=""/>
    <property name="CONSOLE_LOG_CHARSET" value="UTF-8"/>
    <property name="LOGBACK_ROLLINGPOLICY_MAX_HISTORY" value="30"/>
    <property name="native.encoding" value="Cp1252"/>
    <property name="java.library.path" value="D:\Programs\.jdks\openjdk-23\bin;C:\WINDOWS\Sun\Java\bin;C:\WINDOWS\system32;C:\WINDOWS;C:\Python313\Scripts\;C:\Python313\;C:\Program Files (x86)\NVIDIA Corporation\PhysX\Common;C:\WINDOWS\system32;C:\WINDOWS;C:\WINDOWS\System32\Wbem;C:\WINDOWS\System32\WindowsPowerShell\v1.0\;C:\WINDOWS\System32\OpenSSH\;C:\ProgramData\chocolatey\bin;C:\Program Files\NVIDIA Corporation\NVIDIA app\NvDLISR;C:\Program Files (x86)\Windows Kits\8.1\Windows Performance Toolkit\;C:\Program Files (x86)\Microsoft SQL Server\160\Tools\Binn\;C:\Program Files\Microsoft SQL Server\160\Tools\Binn\;C:\Program Files\Microsoft SQL Server\Client SDK\ODBC\170\Tools\Binn\;C:\Program Files\Microsoft SQL Server\160\DTS\Binn\;C:\Program Files\dotnet\;C:\Program Files\PuTTY\;C:\Program Files\Microsoft VS Code\bin;D:\Programs\Go\bin;D:\Programs\Git\cmd;C:\Program Files (x86)\Bitvise SSH Client;C:\Program Files\Docker\Docker\resources\bin;C:\Program Files\nodejs\;C:\Program Files (x86)\Windows Kits\10\Windows Performance Toolkit\;D:\Programs\apache-maven-3.9.11\bin;C:\Users\nsouz\AppData\Roaming\npm;D:\Programs\mingw64;C:\Users\nsouz\AppData\Local\Programs\Python\Python312\;C:\Users\nsouz\AppData\Local\Microsoft\WindowsApps;D:\Programs\Microsoft VS Code\bin;D:\Programs\IntelliJ IDEA Community Edition 2024.3.2.1\bin;;D:\Programs\flutter_windows_3.27.3-stable\flutter\bin;C:\tools\dart-sdk\bin;C:\Users\nsouz\AppData\Local\Pub\Cache\bin;D:\Programs\PyCharm Community Edition 2024.2.4\bin;;D:\Programs\.jdks\openjdk-23\bin;C:\Users\nsouz\AppData\Local\Programs\Ollama;C:\Users\nsouz\go\bin;D:\Programs\mingw64\bin;C:\Users\nsouz\AppData\Roaming\npm;C:\Users\nsouz\AppData\Local\Microsoft\WinGet\Packages\zig.zig_Microsoft.Winget.Source_8wekyb3d8bbwe\zig-windows-x86_64-0.14.0;D:\Programs\NASM;D:\Programs\Qoder\bin;D:\Programs\apache-maven-3.9.11\lib;C:\Program Files\nodejs;;."/>
    <property name="java.vm.info" value="mixed mode, sharing"/>
    <property name="stderr.encoding" value="Cp1252"/>
    <property name="java.vendor" value="Oracle Corporation"/>
    <property name="java.vm.version" value="23.0.2+7-58"/>
    <property name="sun.io.unicode.encoding" value="UnicodeLittle"/>
    <property name="java.class.version" value="67.0"/>
  </properties>
  <testcase name="testRegisterCorrespondenteWithCorrespondenteId" classname="br.adv.cra.controller.AuthControllerIntegrationTest" time="2.436">
    <system-out><![CDATA[07:39:51.271 [main] INFO org.springframework.test.context.support.AnnotationConfigContextLoaderUtils -- Could not detect default configuration classes for test class [br.adv.cra.controller.AuthControllerIntegrationTest]: AuthControllerIntegrationTest does not declare any static, non-private, non-final, nested classes annotated with @Configuration.
07:39:51.532 [main] INFO org.springframework.boot.test.context.SpringBootTestContextBootstrapper -- Found @SpringBootConfiguration br.adv.cra.CraBackendApplication for test class br.adv.cra.controller.AuthControllerIntegrationTest

  .   ____          _            __ _ _
 /\\ / ___'_ __ _ _(_)_ __  __ _ \ \ \ \
( ( )\___ | '_ | '_| | '_ \/ _` | \ \ \ \
 \\/  ___)| |_)| | | | | || (_| |  ) ) ) )
  '  |____| .__|_| |_|_| |_\__, | / / / /
 =========|_|==============|___/=/_/_/_/
 :: Spring Boot ::                (v3.2.5)

2025-09-08T07:39:52.557-03:00  INFO 33392 --- [           main] b.a.c.c.AuthControllerIntegrationTest    : Starting AuthControllerIntegrationTest using Java 23.0.2 with PID 33392 (started by nsouz in d:\Projetos\craweb\cra-backend)
2025-09-08T07:39:52.558-03:00 DEBUG 33392 --- [           main] b.a.c.c.AuthControllerIntegrationTest    : Running with Spring Boot v3.2.5, Spring v6.1.6
2025-09-08T07:39:52.559-03:00  INFO 33392 --- [           main] b.a.c.c.AuthControllerIntegrationTest    : No active profile set, falling back to 1 default profile: "default"
2025-09-08T07:39:54.897-03:00  INFO 33392 --- [           main] .s.d.r.c.RepositoryConfigurationDelegate : Bootstrapping Spring Data JPA repositories in DEFAULT mode.
2025-09-08T07:39:55.117-03:00  INFO 33392 --- [           main] .s.d.r.c.RepositoryConfigurationDelegate : Finished Spring Data repository scanning in 196 ms. Found 10 JPA repository interfaces.
2025-09-08T07:39:56.372-03:00  INFO 33392 --- [           main] com.zaxxer.hikari.HikariDataSource       : CraHikariPool - Starting...
2025-09-08T07:39:56.870-03:00  INFO 33392 --- [           main] com.zaxxer.hikari.pool.HikariPool        : CraHikariPool - Added connection org.postgresql.jdbc.PgConnection@4245bf68
2025-09-08T07:39:56.873-03:00  INFO 33392 --- [           main] com.zaxxer.hikari.HikariDataSource       : CraHikariPool - Start completed.
2025-09-08T07:39:57.132-03:00  INFO 33392 --- [           main] o.hibernate.jpa.internal.util.LogHelper  : HHH000204: Processing PersistenceUnitInfo [name: default]
2025-09-08T07:39:57.306-03:00  INFO 33392 --- [           main] org.hibernate.Version                    : HHH000412: Hibernate ORM core version 6.4.4.Final
2025-09-08T07:39:57.402-03:00  INFO 33392 --- [           main] o.h.c.internal.RegionFactoryInitiator    : HHH000026: Second-level cache disabled
2025-09-08T07:39:57.965-03:00  INFO 33392 --- [           main] o.s.o.j.p.SpringPersistenceUnitInfo      : No LoadTimeWeaver setup: ignoring JPA class transformer
2025-09-08T07:39:58.068-03:00  WARN 33392 --- [           main] org.hibernate.orm.deprecation            : HHH90000025: PostgreSQLDialect does not need to be specified explicitly using 'hibernate.dialect' (remove the property setting and it will be selected by default)
2025-09-08T07:40:01.381-03:00  INFO 33392 --- [           main] o.h.e.t.j.p.i.JtaPlatformInitiator       : HHH000489: No JTA platform available (set 'hibernate.transaction.jta.platform' to enable JTA platform integration)
2025-09-08T07:40:02.179-03:00  INFO 33392 --- [           main] j.LocalContainerEntityManagerFactoryBean : Initialized JPA EntityManagerFactory for persistence unit 'default'
2025-09-08T07:40:03.163-03:00  INFO 33392 --- [           main] o.s.d.j.r.query.QueryEnhancerFactory     : Hibernate is in classpath; If applicable, HQL parser will be used.
2025-09-08T07:40:05.738-03:00  WARN 33392 --- [           main] JpaBaseConfiguration$JpaWebConfiguration : spring.jpa.open-in-view is enabled by default. Therefore, database queries may be performed during view rendering. Explicitly configure spring.jpa.open-in-view to disable this warning
2025-09-08T07:40:06.685-03:00  INFO 33392 --- [           main] o.s.s.web.DefaultSecurityFilterChain     : Will secure any request with [org.springframework.security.web.session.DisableEncodeUrlFilter@27779eaa, org.springframework.security.web.context.request.async.WebAsyncManagerIntegrationFilter@758d901e, org.springframework.security.web.context.SecurityContextHolderFilter@13d02df2, org.springframework.security.web.header.HeaderWriterFilter@17d188c5, org.springframework.web.filter.CorsFilter@56e92cdf, org.springframework.security.web.authentication.logout.LogoutFilter@4d390a0c, br.adv.cra.security.AuthTokenFilter@6ec9f664, org.springframework.security.web.savedrequest.RequestCacheAwareFilter@70653088, org.springframework.security.web.servletapi.SecurityContextHolderAwareRequestFilter@357eb0a0, org.springframework.security.web.authentication.AnonymousAuthenticationFilter@4741fb8d, org.springframework.security.web.session.SessionManagementFilter@34784a86, org.springframework.security.web.access.ExceptionTranslationFilter@a59819f, org.springframework.security.web.access.intercept.AuthorizationFilter@2d3ff2e8]
2025-09-08T07:40:07.831-03:00 DEBUG 33392 --- [           main] br.adv.cra.security.AuthTokenFilter      : Filter 'authTokenFilter' configured for use
2025-09-08T07:40:07.833-03:00  INFO 33392 --- [           main] o.s.b.t.m.w.SpringBootMockServletContext : Initializing Spring TestDispatcherServlet ''
2025-09-08T07:40:07.833-03:00  INFO 33392 --- [           main] o.s.t.web.servlet.TestDispatcherServlet  : Initializing Servlet ''
2025-09-08T07:40:07.837-03:00  INFO 33392 --- [           main] o.s.t.web.servlet.TestDispatcherServlet  : Completed initialization in 4 ms
2025-09-08T07:40:07.884-03:00  INFO 33392 --- [           main] b.a.c.c.AuthControllerIntegrationTest    : Started AuthControllerIntegrationTest in 16.071 seconds (process running for 18.444)
2025-09-08T07:40:07.899-03:00  INFO 33392 --- [           main] b.a.c.service.DatabaseConnectionService  : === DATABASE CONNECTION TEST ===
2025-09-08T07:40:07.900-03:00  INFO 33392 --- [           main] b.a.c.service.DatabaseConnectionService  : Database Product: PostgreSQL
2025-09-08T07:40:07.900-03:00  INFO 33392 --- [           main] b.a.c.service.DatabaseConnectionService  : Database Version: 17.2 (Debian 17.2-1.pgdg120+1)
2025-09-08T07:40:07.900-03:00  INFO 33392 --- [           main] b.a.c.service.DatabaseConnectionService  : Driver Name: PostgreSQL JDBC Driver
2025-09-08T07:40:07.900-03:00  INFO 33392 --- [           main] b.a.c.service.DatabaseConnectionService  : Driver Version: 42.6.2
2025-09-08T07:40:07.900-03:00  INFO 33392 --- [           main] b.a.c.service.DatabaseConnectionService  : URL: jdbc:postgresql://192.168.1.105:5432/dbcra
2025-09-08T07:40:07.900-03:00  INFO 33392 --- [           main] b.a.c.service.DatabaseConnectionService  : Username: postgres
2025-09-08T07:40:07.903-03:00  INFO 33392 --- [           main] b.a.c.service.DatabaseConnectionService  : Schema: public
2025-09-08T07:40:07.904-03:00  INFO 33392 --- [           main] b.a.c.service.DatabaseConnectionService  : Catalog: dbcra
2025-09-08T07:40:07.920-03:00  INFO 33392 --- [           main] b.a.c.service.DatabaseConnectionService  : Current Database Time: 2025-09-08 07:40:08.800186-03
2025-09-08T07:40:07.921-03:00  INFO 33392 --- [           main] b.a.c.service.DatabaseConnectionService  : Database connection successful! ✅
2025-09-08T07:40:09.086-03:00 DEBUG 33392 --- [           main] org.hibernate.SQL                        : 
    /* <criteria> */ select
        s1_0.idsolicitacao,
        s1_0.audinterna,
        s1_0.idaudiinterna,
        s1_0.avaliacaonota,
        s1_0.idbanca,
        s1_0.idcomarca,
        s1_0.complemento,
        s1_0.convolada,
        s1_0.idcorrespondente,
        s1_0.dataagendamento,
        s1_0.dataconclusao,
        s1_0.datasolictacao,
        s1_0.emailenvio,
        s1_0.idenviosolicitacao,
        s1_0.idformulario,
        s1_0.grupo,
        s1_0.horaudiencia,
        s1_0.instrucoes,
        s1_0.justificativa,
        s1_0.lide,
        s1_0.numcontrole,
        s1_0.numero,
        s1_0.observacao,
        s1_0.pago,
        s1_0.idprocesso,
        s1_0.propostaacordo,
        s1_0.idrecibo,
        s1_0.idrenumeracao,
        s1_0.requerente,
        s1_0.requerido,
        s1_0.idstatus,
        s1_0.statusexterno,
        s1_0.tempreposto,
        s1_0.textoavaliacao,
        s1_0.idtiposolicitacao,
        s1_0.tratposaudiencia,
        s1_0.uf,
        s1_0.idusuario,
        s1_0.valor,
        s1_0.valordaalcada,
        s1_0.vara 
    from
        solicitacao s1_0
Hibernate: 
    /* <criteria> */ select
        s1_0.idsolicitacao,
        s1_0.audinterna,
        s1_0.idaudiinterna,
        s1_0.avaliacaonota,
        s1_0.idbanca,
        s1_0.idcomarca,
        s1_0.complemento,
        s1_0.convolada,
        s1_0.idcorrespondente,
        s1_0.dataagendamento,
        s1_0.dataconclusao,
        s1_0.datasolictacao,
        s1_0.emailenvio,
        s1_0.idenviosolicitacao,
        s1_0.idformulario,
        s1_0.grupo,
        s1_0.horaudiencia,
        s1_0.instrucoes,
        s1_0.justificativa,
        s1_0.lide,
        s1_0.numcontrole,
        s1_0.numero,
        s1_0.observacao,
        s1_0.pago,
        s1_0.idprocesso,
        s1_0.propostaacordo,
        s1_0.idrecibo,
        s1_0.idrenumeracao,
        s1_0.requerente,
        s1_0.requerido,
        s1_0.idstatus,
        s1_0.statusexterno,
        s1_0.tempreposto,
        s1_0.textoavaliacao,
        s1_0.idtiposolicitacao,
        s1_0.tratposaudiencia,
        s1_0.uf,
        s1_0.idusuario,
        s1_0.valor,
        s1_0.valordaalcada,
        s1_0.vara 
    from
        solicitacao s1_0
2025-09-08T07:40:09.110-03:00 DEBUG 33392 --- [           main] org.hibernate.SQL                        : 
    /* <criteria> */ select
        u1_0.idusuario,
        u1_0.ativo,
        u1_0.idcorrespondente,
        u1_0.dataentrada,
        u1_0.emailprincipal,
        u1_0.emailresponsavel,
        u1_0.emailsecundario,
        u1_0.login,
        u1_0.nomecompleto,
        u1_0.senha,
        u1_0.tipo 
    from
        usuario u1_0
Hibernate: 
    /* <criteria> */ select
        u1_0.idusuario,
        u1_0.ativo,
        u1_0.idcorrespondente,
        u1_0.dataentrada,
        u1_0.emailprincipal,
        u1_0.emailresponsavel,
        u1_0.emailsecundario,
        u1_0.login,
        u1_0.nomecompleto,
        u1_0.senha,
        u1_0.tipo 
    from
        usuario u1_0
2025-09-08T07:40:09.224-03:00 DEBUG 33392 --- [           main] org.hibernate.SQL                        : 
    /* delete for br.adv.cra.entity.Usuario */delete 
    from
        usuario 
    where
        idusuario=?
Hibernate: 
    /* delete for br.adv.cra.entity.Usuario */delete 
    from
        usuario 
    where
        idusuario=?
2025-09-08T07:40:09.237-03:00 DEBUG 33392 --- [           main] org.hibernate.SQL                        : 
    /* delete for br.adv.cra.entity.Usuario */delete 
    from
        usuario 
    where
        idusuario=?
Hibernate: 
    /* delete for br.adv.cra.entity.Usuario */delete 
    from
        usuario 
    where
        idusuario=?
2025-09-08T07:40:09.495-03:00 DEBUG 33392 --- [           main] org.hibernate.SQL                        : 
    /* insert for
        br.adv.cra.entity.Usuario */insert 
    into
        usuario (ativo, idcorrespondente, dataentrada, emailprincipal, emailresponsavel, emailsecundario, login, nomecompleto, senha, tipo) 
    values
        (?, ?, ?, ?, ?, ?, ?, ?, ?, ?)
Hibernate: 
    /* insert for
        br.adv.cra.entity.Usuario */insert 
    into
        usuario (ativo, idcorrespondente, dataentrada, emailprincipal, emailresponsavel, emailsecundario, login, nomecompleto, senha, tipo) 
    values
        (?, ?, ?, ?, ?, ?, ?, ?, ?, ?)
2025-09-08T07:40:09.516-03:00 DEBUG 33392 --- [           main] org.hibernate.SQL                        : 
    /* insert for
        br.adv.cra.entity.Correspondente */insert 
    into
        correspondente (aplicaregra1, aplicaregra2, ativo, cpfcnpj, datacadastro, emailprimario, emailsecundario, enderecos_id, nome, oab, observacao, responsavel, telefonecelularprimario, telefonecelularsecundario, telefoneprimario, telefonesecundario, tipocorrepondente) 
    values
        (?, ?, ?, ?, ?, ?, ?, ?, ?, ?, ?, ?, ?, ?, ?, ?, ?)
Hibernate: 
    /* insert for
        br.adv.cra.entity.Correspondente */insert 
    into
        correspondente (aplicaregra1, aplicaregra2, ativo, cpfcnpj, datacadastro, emailprimario, emailsecundario, enderecos_id, nome, oab, observacao, responsavel, telefonecelularprimario, telefonecelularsecundario, telefoneprimario, telefonesecundario, tipocorrepondente) 
    values
        (?, ?, ?, ?, ?, ?, ?, ?, ?, ?, ?, ?, ?, ?, ?, ?, ?)
2025-09-08T07:40:09.866-03:00 DEBUG 33392 --- [           main] org.hibernate.SQL                        : 
    /* <criteria> */ select
        u1_0.idusuario,
        u1_0.ativo,
        u1_0.idcorrespondente,
        u1_0.dataentrada,
        u1_0.emailprincipal,
        u1_0.emailresponsavel,
        u1_0.emailsecundario,
        u1_0.login,
        u1_0.nomecompleto,
        u1_0.senha,
        u1_0.tipo 
    from
        usuario u1_0 
    where
        u1_0.login=?
Hibernate: 
    /* <criteria> */ select
        u1_0.idusuario,
        u1_0.ativo,
        u1_0.idcorrespondente,
        u1_0.dataentrada,
        u1_0.emailprincipal,
        u1_0.emailresponsavel,
        u1_0.emailsecundario,
        u1_0.login,
        u1_0.nomecompleto,
        u1_0.senha,
        u1_0.tipo 
    from
        usuario u1_0 
    where
        u1_0.login=?
2025-09-08T07:40:10.035-03:00  INFO 33392 --- [           main] br.adv.cra.service.AuthService           : User admin authenticated successfully
2025-09-08T07:40:10.107-03:00 DEBUG 33392 --- [           main] br.adv.cra.security.AuthTokenFilter      : JWT token found: eyJhbGciOiJIUzI1NiJ9...
2025-09-08T07:40:10.115-03:00 DEBUG 33392 --- [           main] br.adv.cra.security.AuthTokenFilter      : JWT token valid for user: admin
2025-09-08T07:40:10.118-03:00 DEBUG 33392 --- [           main] org.hibernate.SQL                        : 
    /* <criteria> */ select
        u1_0.idusuario,
        u1_0.ativo,
        u1_0.idcorrespondente,
        u1_0.dataentrada,
        u1_0.emailprincipal,
        u1_0.emailresponsavel,
        u1_0.emailsecundario,
        u1_0.login,
        u1_0.nomecompleto,
        u1_0.senha,
        u1_0.tipo 
    from
        usuario u1_0 
    where
        u1_0.login=?
Hibernate: 
    /* <criteria> */ select
        u1_0.idusuario,
        u1_0.ativo,
        u1_0.idcorrespondente,
        u1_0.dataentrada,
        u1_0.emailprincipal,
        u1_0.emailresponsavel,
        u1_0.emailsecundario,
        u1_0.login,
        u1_0.nomecompleto,
        u1_0.senha,
        u1_0.tipo 
    from
        usuario u1_0 
    where
        u1_0.login=?
2025-09-08T07:40:10.138-03:00 DEBUG 33392 --- [           main] br.adv.cra.security.AuthTokenFilter      : Authentication set for user: admin
2025-09-08T07:40:10.200-03:00 DEBUG 33392 --- [           main] org.hibernate.SQL                        : 
    /* <criteria> */ select
        u1_0.idusuario 
    from
        usuario u1_0 
    where
        u1_0.login=? 
    fetch
        first ? rows only
Hibernate: 
    /* <criteria> */ select
        u1_0.idusuario 
    from
        usuario u1_0 
    where
        u1_0.login=? 
    fetch
        first ? rows only
2025-09-08T07:40:10.342-03:00 DEBUG 33392 --- [           main] org.hibernate.SQL                        : 
    select
        c1_0.idcorrespondente,
        c1_0.aplicaregra1,
        c1_0.aplicaregra2,
        c1_0.ativo,
        c1_0.cpfcnpj,
        c1_0.datacadastro,
        c1_0.emailprimario,
        c1_0.emailsecundario,
        e1_0.idendereco,
        e1_0.bairro,
        e1_0.cep,
        e1_0.cidade,
        e1_0.complemento,
        e1_0.logradouro,
        e1_0.numero,
        e1_0.observacao,
        u1_0.iduf,
        u1_0.nome,
        u1_0.sigla,
        c1_0.nome,
        c1_0.oab,
        c1_0.observacao,
        c1_0.responsavel,
        c1_0.telefonecelularprimario,
        c1_0.telefonecelularsecundario,
        c1_0.telefoneprimario,
        c1_0.telefonesecundario,
        c1_0.tipocorrepondente 
    from
        correspondente c1_0 
    left join
        endereco e1_0 
            on e1_0.idendereco=c1_0.enderecos_id 
    left join
        uf u1_0 
            on u1_0.iduf=e1_0.uf_id 
    where
        c1_0.idcorrespondente=?
Hibernate: 
    select
        c1_0.idcorrespondente,
        c1_0.aplicaregra1,
        c1_0.aplicaregra2,
        c1_0.ativo,
        c1_0.cpfcnpj,
        c1_0.datacadastro,
        c1_0.emailprimario,
        c1_0.emailsecundario,
        e1_0.idendereco,
        e1_0.bairro,
        e1_0.cep,
        e1_0.cidade,
        e1_0.complemento,
        e1_0.logradouro,
        e1_0.numero,
        e1_0.observacao,
        u1_0.iduf,
        u1_0.nome,
        u1_0.sigla,
        c1_0.nome,
        c1_0.oab,
        c1_0.observacao,
        c1_0.responsavel,
        c1_0.telefonecelularprimario,
        c1_0.telefonecelularsecundario,
        c1_0.telefoneprimario,
        c1_0.telefonesecundario,
        c1_0.tipocorrepondente 
    from
        correspondente c1_0 
    left join
        endereco e1_0 
            on e1_0.idendereco=c1_0.enderecos_id 
    left join
        uf u1_0 
            on u1_0.iduf=e1_0.uf_id 
    where
        c1_0.idcorrespondente=?
2025-09-08T07:40:10.347-03:00 DEBUG 33392 --- [           main] org.hibernate.SQL                        : 
    /* insert for
        br.adv.cra.entity.Usuario */insert 
    into
        usuario (ativo, idcorrespondente, dataentrada, emailprincipal, emailresponsavel, emailsecundario, login, nomecompleto, senha, tipo) 
    values
        (?, ?, ?, ?, ?, ?, ?, ?, ?, ?)
Hibernate: 
    /* insert for
        br.adv.cra.entity.Usuario */insert 
    into
        usuario (ativo, idcorrespondente, dataentrada, emailprincipal, emailresponsavel, emailsecundario, login, nomecompleto, senha, tipo) 
    values
        (?, ?, ?, ?, ?, ?, ?, ?, ?, ?)
2025-09-08T07:40:10.360-03:00  INFO 33392 --- [           main] br.adv.cra.service.AuthService           : User testcorrespondente registered successfully
]]></system-out>
    <system-err><![CDATA[WARNING: A Java agent has been loaded dynamically (D:\Programs\m2\net\bytebuddy\byte-buddy-agent\1.14.13\byte-buddy-agent-1.14.13.jar)
WARNING: If a serviceability tool is in use, please run with -XX:+EnableDynamicAgentLoading to hide this warning
WARNING: If a serviceability tool is not in use, please run with -Djdk.instrument.traceUsage for more information
WARNING: Dynamic loading of agents will be disallowed by default in a future release
]]></system-err>
  </testcase>
  <testcase name="testRegisterUserWithoutCorrespondente" classname="br.adv.cra.controller.AuthControllerIntegrationTest" time="0.449">
    <system-out><![CDATA[2025-09-08T07:40:10.409-03:00 DEBUG 33392 --- [           main] org.hibernate.SQL                        : 
    /* <criteria> */ select
        s1_0.idsolicitacao,
        s1_0.audinterna,
        s1_0.idaudiinterna,
        s1_0.avaliacaonota,
        s1_0.idbanca,
        s1_0.idcomarca,
        s1_0.complemento,
        s1_0.convolada,
        s1_0.idcorrespondente,
        s1_0.dataagendamento,
        s1_0.dataconclusao,
        s1_0.datasolictacao,
        s1_0.emailenvio,
        s1_0.idenviosolicitacao,
        s1_0.idformulario,
        s1_0.grupo,
        s1_0.horaudiencia,
        s1_0.instrucoes,
        s1_0.justificativa,
        s1_0.lide,
        s1_0.numcontrole,
        s1_0.numero,
        s1_0.observacao,
        s1_0.pago,
        s1_0.idprocesso,
        s1_0.propostaacordo,
        s1_0.idrecibo,
        s1_0.idrenumeracao,
        s1_0.requerente,
        s1_0.requerido,
        s1_0.idstatus,
        s1_0.statusexterno,
        s1_0.tempreposto,
        s1_0.textoavaliacao,
        s1_0.idtiposolicitacao,
        s1_0.tratposaudiencia,
        s1_0.uf,
        s1_0.idusuario,
        s1_0.valor,
        s1_0.valordaalcada,
        s1_0.vara 
    from
        solicitacao s1_0
Hibernate: 
    /* <criteria> */ select
        s1_0.idsolicitacao,
        s1_0.audinterna,
        s1_0.idaudiinterna,
        s1_0.avaliacaonota,
        s1_0.idbanca,
        s1_0.idcomarca,
        s1_0.complemento,
        s1_0.convolada,
        s1_0.idcorrespondente,
        s1_0.dataagendamento,
        s1_0.dataconclusao,
        s1_0.datasolictacao,
        s1_0.emailenvio,
        s1_0.idenviosolicitacao,
        s1_0.idformulario,
        s1_0.grupo,
        s1_0.horaudiencia,
        s1_0.instrucoes,
        s1_0.justificativa,
        s1_0.lide,
        s1_0.numcontrole,
        s1_0.numero,
        s1_0.observacao,
        s1_0.pago,
        s1_0.idprocesso,
        s1_0.propostaacordo,
        s1_0.idrecibo,
        s1_0.idrenumeracao,
        s1_0.requerente,
        s1_0.requerido,
        s1_0.idstatus,
        s1_0.statusexterno,
        s1_0.tempreposto,
        s1_0.textoavaliacao,
        s1_0.idtiposolicitacao,
        s1_0.tratposaudiencia,
        s1_0.uf,
        s1_0.idusuario,
        s1_0.valor,
        s1_0.valordaalcada,
        s1_0.vara 
    from
        solicitacao s1_0
2025-09-08T07:40:10.419-03:00 DEBUG 33392 --- [           main] org.hibernate.SQL                        : 
    /* <criteria> */ select
        u1_0.idusuario,
        u1_0.ativo,
        u1_0.idcorrespondente,
        u1_0.dataentrada,
        u1_0.emailprincipal,
        u1_0.emailresponsavel,
        u1_0.emailsecundario,
        u1_0.login,
        u1_0.nomecompleto,
        u1_0.senha,
        u1_0.tipo 
    from
        usuario u1_0
Hibernate: 
    /* <criteria> */ select
        u1_0.idusuario,
        u1_0.ativo,
        u1_0.idcorrespondente,
        u1_0.dataentrada,
        u1_0.emailprincipal,
        u1_0.emailresponsavel,
        u1_0.emailsecundario,
        u1_0.login,
        u1_0.nomecompleto,
        u1_0.senha,
        u1_0.tipo 
    from
        usuario u1_0
2025-09-08T07:40:10.425-03:00 DEBUG 33392 --- [           main] org.hibernate.SQL                        : 
    select
        c1_0.idcorrespondente,
        c1_0.aplicaregra1,
        c1_0.aplicaregra2,
        c1_0.ativo,
        c1_0.cpfcnpj,
        c1_0.datacadastro,
        c1_0.emailprimario,
        c1_0.emailsecundario,
        e1_0.idendereco,
        e1_0.bairro,
        e1_0.cep,
        e1_0.cidade,
        e1_0.complemento,
        e1_0.logradouro,
        e1_0.numero,
        e1_0.observacao,
        u1_0.iduf,
        u1_0.nome,
        u1_0.sigla,
        c1_0.nome,
        c1_0.oab,
        c1_0.observacao,
        c1_0.responsavel,
        c1_0.telefonecelularprimario,
        c1_0.telefonecelularsecundario,
        c1_0.telefoneprimario,
        c1_0.telefonesecundario,
        c1_0.tipocorrepondente 
    from
        correspondente c1_0 
    left join
        endereco e1_0 
            on e1_0.idendereco=c1_0.enderecos_id 
    left join
        uf u1_0 
            on u1_0.iduf=e1_0.uf_id 
    where
        c1_0.idcorrespondente=?
Hibernate: 
    select
        c1_0.idcorrespondente,
        c1_0.aplicaregra1,
        c1_0.aplicaregra2,
        c1_0.ativo,
        c1_0.cpfcnpj,
        c1_0.datacadastro,
        c1_0.emailprimario,
        c1_0.emailsecundario,
        e1_0.idendereco,
        e1_0.bairro,
        e1_0.cep,
        e1_0.cidade,
        e1_0.complemento,
        e1_0.logradouro,
        e1_0.numero,
        e1_0.observacao,
        u1_0.iduf,
        u1_0.nome,
        u1_0.sigla,
        c1_0.nome,
        c1_0.oab,
        c1_0.observacao,
        c1_0.responsavel,
        c1_0.telefonecelularprimario,
        c1_0.telefonecelularsecundario,
        c1_0.telefoneprimario,
        c1_0.telefonesecundario,
        c1_0.tipocorrepondente 
    from
        correspondente c1_0 
    left join
        endereco e1_0 
            on e1_0.idendereco=c1_0.enderecos_id 
    left join
        uf u1_0 
            on u1_0.iduf=e1_0.uf_id 
    where
        c1_0.idcorrespondente=?
2025-09-08T07:40:10.434-03:00 DEBUG 33392 --- [           main] org.hibernate.SQL                        : 
    /* delete for br.adv.cra.entity.Usuario */delete 
    from
        usuario 
    where
        idusuario=?
Hibernate: 
    /* delete for br.adv.cra.entity.Usuario */delete 
    from
        usuario 
    where
        idusuario=?
2025-09-08T07:40:10.435-03:00 DEBUG 33392 --- [           main] org.hibernate.SQL                        : 
    /* delete for br.adv.cra.entity.Usuario */delete 
    from
        usuario 
    where
        idusuario=?
Hibernate: 
    /* delete for br.adv.cra.entity.Usuario */delete 
    from
        usuario 
    where
        idusuario=?
2025-09-08T07:40:10.553-03:00 DEBUG 33392 --- [           main] org.hibernate.SQL                        : 
    /* insert for
        br.adv.cra.entity.Usuario */insert 
    into
        usuario (ativo, idcorrespondente, dataentrada, emailprincipal, emailresponsavel, emailsecundario, login, nomecompleto, senha, tipo) 
    values
        (?, ?, ?, ?, ?, ?, ?, ?, ?, ?)
Hibernate: 
    /* insert for
        br.adv.cra.entity.Usuario */insert 
    into
        usuario (ativo, idcorrespondente, dataentrada, emailprincipal, emailresponsavel, emailsecundario, login, nomecompleto, senha, tipo) 
    values
        (?, ?, ?, ?, ?, ?, ?, ?, ?, ?)
2025-09-08T07:40:10.568-03:00 DEBUG 33392 --- [           main] org.hibernate.SQL                        : 
    /* <criteria> */ select
        u1_0.idusuario,
        u1_0.ativo,
        u1_0.idcorrespondente,
        u1_0.dataentrada,
        u1_0.emailprincipal,
        u1_0.emailresponsavel,
        u1_0.emailsecundario,
        u1_0.login,
        u1_0.nomecompleto,
        u1_0.senha,
        u1_0.tipo 
    from
        usuario u1_0 
    where
        u1_0.login=?
Hibernate: 
    /* <criteria> */ select
        u1_0.idusuario,
        u1_0.ativo,
        u1_0.idcorrespondente,
        u1_0.dataentrada,
        u1_0.emailprincipal,
        u1_0.emailresponsavel,
        u1_0.emailsecundario,
        u1_0.login,
        u1_0.nomecompleto,
        u1_0.senha,
        u1_0.tipo 
    from
        usuario u1_0 
    where
        u1_0.login=?
2025-09-08T07:40:10.686-03:00  INFO 33392 --- [           main] br.adv.cra.service.AuthService           : User admin authenticated successfully
2025-09-08T07:40:10.692-03:00 DEBUG 33392 --- [           main] br.adv.cra.security.AuthTokenFilter      : JWT token found: eyJhbGciOiJIUzI1NiJ9...
2025-09-08T07:40:10.696-03:00 DEBUG 33392 --- [           main] br.adv.cra.security.AuthTokenFilter      : JWT token valid for user: admin
2025-09-08T07:40:10.697-03:00 DEBUG 33392 --- [           main] org.hibernate.SQL                        : 
    /* <criteria> */ select
        u1_0.idusuario,
        u1_0.ativo,
        u1_0.idcorrespondente,
        u1_0.dataentrada,
        u1_0.emailprincipal,
        u1_0.emailresponsavel,
        u1_0.emailsecundario,
        u1_0.login,
        u1_0.nomecompleto,
        u1_0.senha,
        u1_0.tipo 
    from
        usuario u1_0 
    where
        u1_0.login=?
Hibernate: 
    /* <criteria> */ select
        u1_0.idusuario,
        u1_0.ativo,
        u1_0.idcorrespondente,
        u1_0.dataentrada,
        u1_0.emailprincipal,
        u1_0.emailresponsavel,
        u1_0.emailsecundario,
        u1_0.login,
        u1_0.nomecompleto,
        u1_0.senha,
        u1_0.tipo 
    from
        usuario u1_0 
    where
        u1_0.login=?
2025-09-08T07:40:10.706-03:00 DEBUG 33392 --- [           main] br.adv.cra.security.AuthTokenFilter      : Authentication set for user: admin
2025-09-08T07:40:10.710-03:00 DEBUG 33392 --- [           main] org.hibernate.SQL                        : 
    /* <criteria> */ select
        u1_0.idusuario 
    from
        usuario u1_0 
    where
        u1_0.login=? 
    fetch
        first ? rows only
Hibernate: 
    /* <criteria> */ select
        u1_0.idusuario 
    from
        usuario u1_0 
    where
        u1_0.login=? 
    fetch
        first ? rows only
2025-09-08T07:40:10.810-03:00 DEBUG 33392 --- [           main] org.hibernate.SQL                        : 
    /* insert for
        br.adv.cra.entity.Usuario */insert 
    into
        usuario (ativo, idcorrespondente, dataentrada, emailprincipal, emailresponsavel, emailsecundario, login, nomecompleto, senha, tipo) 
    values
        (?, ?, ?, ?, ?, ?, ?, ?, ?, ?)
Hibernate: 
    /* insert for
        br.adv.cra.entity.Usuario */insert 
    into
        usuario (ativo, idcorrespondente, dataentrada, emailprincipal, emailresponsavel, emailsecundario, login, nomecompleto, senha, tipo) 
    values
        (?, ?, ?, ?, ?, ?, ?, ?, ?, ?)
2025-09-08T07:40:10.819-03:00  INFO 33392 --- [           main] br.adv.cra.service.AuthService           : User testuser registered successfully
]]></system-out>
  </testcase>
</testsuite>