<?xml version="1.0" encoding="UTF-8"?>
<testsuite xmlns:xsi="http://www.w3.org/2001/XMLSchema-instance" xsi:noNamespaceSchemaLocation="https://maven.apache.org/surefire/maven-surefire-plugin/xsd/surefire-test-report-3.0.xsd" version="3.0" name="br.adv.cra.controller.UfControllerTest" time="0.252" tests="6" errors="0" skipped="0" failures="0">
  <properties>
    <property name="java.specification.version" value="23"/>
    <property name="sun.cpu.isalist" value="amd64"/>
    <property name="sun.jnu.encoding" value="Cp1252"/>
    <property name="java.class.path" value="D:\Programs\m2\org\apache\maven\surefire\surefire-booter\3.2.5\surefire-booter-3.2.5.jar;D:\Programs\m2\org\apache\maven\surefire\surefire-api\3.2.5\surefire-api-3.2.5.jar;D:\Programs\m2\org\apache\maven\surefire\surefire-logger-api\3.2.5\surefire-logger-api-3.2.5.jar;D:\Programs\m2\org\apache\maven\surefire\surefire-shared-utils\3.2.5\surefire-shared-utils-3.2.5.jar;D:\Programs\m2\org\apache\maven\surefire\surefire-extensions-spi\3.2.5\surefire-extensions-spi-3.2.5.jar;d:\Projetos\craweb\cra-backend\target\test-classes;d:\Projetos\craweb\cra-backend\target\classes;D:\Programs\m2\org\springframework\boot\spring-boot-starter-web\3.2.5\spring-boot-starter-web-3.2.5.jar;D:\Programs\m2\org\springframework\boot\spring-boot-starter\3.2.5\spring-boot-starter-3.2.5.jar;D:\Programs\m2\org\springframework\boot\spring-boot\3.2.5\spring-boot-3.2.5.jar;D:\Programs\m2\org\springframework\boot\spring-boot-autoconfigure\3.2.5\spring-boot-autoconfigure-3.2.5.jar;D:\Programs\m2\org\springframework\boot\spring-boot-starter-logging\3.2.5\spring-boot-starter-logging-3.2.5.jar;D:\Programs\m2\ch\qos\logback\logback-classic\1.4.14\logback-classic-1.4.14.jar;D:\Programs\m2\ch\qos\logback\logback-core\1.4.14\logback-core-1.4.14.jar;D:\Programs\m2\org\apache\logging\log4j\log4j-to-slf4j\2.21.1\log4j-to-slf4j-2.21.1.jar;D:\Programs\m2\org\apache\logging\log4j\log4j-api\2.21.1\log4j-api-2.21.1.jar;D:\Programs\m2\org\slf4j\jul-to-slf4j\2.0.13\jul-to-slf4j-2.0.13.jar;D:\Programs\m2\jakarta\annotation\jakarta.annotation-api\2.1.1\jakarta.annotation-api-2.1.1.jar;D:\Programs\m2\org\yaml\snakeyaml\2.2\snakeyaml-2.2.jar;D:\Programs\m2\org\springframework\boot\spring-boot-starter-json\3.2.5\spring-boot-starter-json-3.2.5.jar;D:\Programs\m2\com\fasterxml\jackson\datatype\jackson-datatype-jdk8\2.15.4\jackson-datatype-jdk8-2.15.4.jar;D:\Programs\m2\com\fasterxml\jackson\datatype\jackson-datatype-jsr310\2.15.4\jackson-datatype-jsr310-2.15.4.jar;D:\Programs\m2\com\fasterxml\jackson\module\jackson-module-parameter-names\2.15.4\jackson-module-parameter-names-2.15.4.jar;D:\Programs\m2\org\springframework\boot\spring-boot-starter-tomcat\3.2.5\spring-boot-starter-tomcat-3.2.5.jar;D:\Programs\m2\org\apache\tomcat\embed\tomcat-embed-core\10.1.20\tomcat-embed-core-10.1.20.jar;D:\Programs\m2\org\apache\tomcat\embed\tomcat-embed-websocket\10.1.20\tomcat-embed-websocket-10.1.20.jar;D:\Programs\m2\org\springframework\spring-web\6.1.6\spring-web-6.1.6.jar;D:\Programs\m2\org\springframework\spring-beans\6.1.6\spring-beans-6.1.6.jar;D:\Programs\m2\io\micrometer\micrometer-observation\1.12.5\micrometer-observation-1.12.5.jar;D:\Programs\m2\io\micrometer\micrometer-commons\1.12.5\micrometer-commons-1.12.5.jar;D:\Programs\m2\org\springframework\spring-webmvc\6.1.6\spring-webmvc-6.1.6.jar;D:\Programs\m2\org\springframework\spring-context\6.1.6\spring-context-6.1.6.jar;D:\Programs\m2\org\springframework\spring-expression\6.1.6\spring-expression-6.1.6.jar;D:\Programs\m2\org\springframework\boot\spring-boot-starter-data-jpa\3.2.5\spring-boot-starter-data-jpa-3.2.5.jar;D:\Programs\m2\org\springframework\boot\spring-boot-starter-aop\3.2.5\spring-boot-starter-aop-3.2.5.jar;D:\Programs\m2\org\aspectj\aspectjweaver\1.9.22\aspectjweaver-1.9.22.jar;D:\Programs\m2\org\springframework\boot\spring-boot-starter-jdbc\3.2.5\spring-boot-starter-jdbc-3.2.5.jar;D:\Programs\m2\com\zaxxer\HikariCP\5.0.1\HikariCP-5.0.1.jar;D:\Programs\m2\org\springframework\spring-jdbc\6.1.6\spring-jdbc-6.1.6.jar;D:\Programs\m2\org\hibernate\orm\hibernate-core\6.4.4.Final\hibernate-core-6.4.4.Final.jar;D:\Programs\m2\jakarta\persistence\jakarta.persistence-api\3.1.0\jakarta.persistence-api-3.1.0.jar;D:\Programs\m2\jakarta\transaction\jakarta.transaction-api\2.0.1\jakarta.transaction-api-2.0.1.jar;D:\Programs\m2\org\jboss\logging\jboss-logging\3.5.3.Final\jboss-logging-3.5.3.Final.jar;D:\Programs\m2\org\hibernate\common\hibernate-commons-annotations\6.0.6.Final\hibernate-commons-annotations-6.0.6.Final.jar;D:\Programs\m2\io\smallrye\jandex\3.1.2\jandex-3.1.2.jar;D:\Programs\m2\com\fasterxml\classmate\1.6.0\classmate-1.6.0.jar;D:\Programs\m2\org\glassfish\jaxb\jaxb-runtime\4.0.5\jaxb-runtime-4.0.5.jar;D:\Programs\m2\org\glassfish\jaxb\jaxb-core\4.0.5\jaxb-core-4.0.5.jar;D:\Programs\m2\org\eclipse\angus\angus-activation\2.0.2\angus-activation-2.0.2.jar;D:\Programs\m2\org\glassfish\jaxb\txw2\4.0.5\txw2-4.0.5.jar;D:\Programs\m2\com\sun\istack\istack-commons-runtime\4.1.2\istack-commons-runtime-4.1.2.jar;D:\Programs\m2\jakarta\inject\jakarta.inject-api\2.0.1\jakarta.inject-api-2.0.1.jar;D:\Programs\m2\org\antlr\antlr4-runtime\4.13.0\antlr4-runtime-4.13.0.jar;D:\Programs\m2\org\springframework\data\spring-data-jpa\3.2.5\spring-data-jpa-3.2.5.jar;D:\Programs\m2\org\springframework\data\spring-data-commons\3.2.5\spring-data-commons-3.2.5.jar;D:\Programs\m2\org\springframework\spring-orm\6.1.6\spring-orm-6.1.6.jar;D:\Programs\m2\org\springframework\spring-tx\6.1.6\spring-tx-6.1.6.jar;D:\Programs\m2\org\slf4j\slf4j-api\2.0.13\slf4j-api-2.0.13.jar;D:\Programs\m2\org\springframework\spring-aspects\6.1.6\spring-aspects-6.1.6.jar;D:\Programs\m2\org\springframework\boot\spring-boot-starter-validation\3.2.5\spring-boot-starter-validation-3.2.5.jar;D:\Programs\m2\org\apache\tomcat\embed\tomcat-embed-el\10.1.20\tomcat-embed-el-10.1.20.jar;D:\Programs\m2\org\hibernate\validator\hibernate-validator\8.0.1.Final\hibernate-validator-8.0.1.Final.jar;D:\Programs\m2\jakarta\validation\jakarta.validation-api\3.0.2\jakarta.validation-api-3.0.2.jar;D:\Programs\m2\org\springframework\boot\spring-boot-starter-security\3.2.5\spring-boot-starter-security-3.2.5.jar;D:\Programs\m2\org\springframework\spring-aop\6.1.6\spring-aop-6.1.6.jar;D:\Programs\m2\org\springframework\security\spring-security-config\6.2.4\spring-security-config-6.2.4.jar;D:\Programs\m2\org\springframework\security\spring-security-core\6.2.4\spring-security-core-6.2.4.jar;D:\Programs\m2\org\springframework\security\spring-security-crypto\6.2.4\spring-security-crypto-6.2.4.jar;D:\Programs\m2\org\springframework\security\spring-security-web\6.2.4\spring-security-web-6.2.4.jar;D:\Programs\m2\io\jsonwebtoken\jjwt-api\0.11.5\jjwt-api-0.11.5.jar;D:\Programs\m2\io\jsonwebtoken\jjwt-impl\0.11.5\jjwt-impl-0.11.5.jar;D:\Programs\m2\io\jsonwebtoken\jjwt-jackson\0.11.5\jjwt-jackson-0.11.5.jar;D:\Programs\m2\org\postgresql\postgresql\42.6.2\postgresql-42.6.2.jar;D:\Programs\m2\org\checkerframework\checker-qual\3.31.0\checker-qual-3.31.0.jar;D:\Programs\m2\com\h2database\h2\2.2.224\h2-2.2.224.jar;D:\Programs\m2\org\springframework\boot\spring-boot-starter-test\3.2.5\spring-boot-starter-test-3.2.5.jar;D:\Programs\m2\org\springframework\boot\spring-boot-test\3.2.5\spring-boot-test-3.2.5.jar;D:\Programs\m2\org\springframework\boot\spring-boot-test-autoconfigure\3.2.5\spring-boot-test-autoconfigure-3.2.5.jar;D:\Programs\m2\com\jayway\jsonpath\json-path\2.9.0\json-path-2.9.0.jar;D:\Programs\m2\jakarta\xml\bind\jakarta.xml.bind-api\4.0.2\jakarta.xml.bind-api-4.0.2.jar;D:\Programs\m2\jakarta\activation\jakarta.activation-api\2.1.3\jakarta.activation-api-2.1.3.jar;D:\Programs\m2\net\minidev\json-smart\2.5.1\json-smart-2.5.1.jar;D:\Programs\m2\net\minidev\accessors-smart\2.5.1\accessors-smart-2.5.1.jar;D:\Programs\m2\org\ow2\asm\asm\9.6\asm-9.6.jar;D:\Programs\m2\org\assertj\assertj-core\3.24.2\assertj-core-3.24.2.jar;D:\Programs\m2\org\awaitility\awaitility\4.2.1\awaitility-4.2.1.jar;D:\Programs\m2\org\hamcrest\hamcrest\2.2\hamcrest-2.2.jar;D:\Programs\m2\org\junit\jupiter\junit-jupiter\5.10.2\junit-jupiter-5.10.2.jar;D:\Programs\m2\org\junit\jupiter\junit-jupiter-api\5.10.2\junit-jupiter-api-5.10.2.jar;D:\Programs\m2\org\opentest4j\opentest4j\1.3.0\opentest4j-1.3.0.jar;D:\Programs\m2\org\junit\platform\junit-platform-commons\1.10.2\junit-platform-commons-1.10.2.jar;D:\Programs\m2\org\apiguardian\apiguardian-api\1.1.2\apiguardian-api-1.1.2.jar;D:\Programs\m2\org\junit\jupiter\junit-jupiter-params\5.10.2\junit-jupiter-params-5.10.2.jar;D:\Programs\m2\org\junit\jupiter\junit-jupiter-engine\5.10.2\junit-jupiter-engine-5.10.2.jar;D:\Programs\m2\org\junit\platform\junit-platform-engine\1.10.2\junit-platform-engine-1.10.2.jar;D:\Programs\m2\org\mockito\mockito-junit-jupiter\5.7.0\mockito-junit-jupiter-5.7.0.jar;D:\Programs\m2\org\skyscreamer\jsonassert\1.5.1\jsonassert-1.5.1.jar;D:\Programs\m2\com\vaadin\external\google\android-json\0.0.20131108.vaadin1\android-json-0.0.20131108.vaadin1.jar;D:\Programs\m2\org\springframework\spring-core\6.1.6\spring-core-6.1.6.jar;D:\Programs\m2\org\springframework\spring-jcl\6.1.6\spring-jcl-6.1.6.jar;D:\Programs\m2\org\springframework\spring-test\6.1.6\spring-test-6.1.6.jar;D:\Programs\m2\org\xmlunit\xmlunit-core\2.9.1\xmlunit-core-2.9.1.jar;D:\Programs\m2\org\mockito\mockito-core\5.7.0\mockito-core-5.7.0.jar;D:\Programs\m2\net\bytebuddy\byte-buddy\1.14.13\byte-buddy-1.14.13.jar;D:\Programs\m2\net\bytebuddy\byte-buddy-agent\1.14.13\byte-buddy-agent-1.14.13.jar;D:\Programs\m2\org\objenesis\objenesis\3.3\objenesis-3.3.jar;D:\Programs\m2\com\fasterxml\jackson\core\jackson-databind\2.15.4\jackson-databind-2.15.4.jar;D:\Programs\m2\com\fasterxml\jackson\core\jackson-annotations\2.15.4\jackson-annotations-2.15.4.jar;D:\Programs\m2\com\fasterxml\jackson\core\jackson-core\2.15.4\jackson-core-2.15.4.jar;D:\Programs\m2\org\projectlombok\lombok\1.18.30\lombok-1.18.30.jar;D:\Programs\m2\org\springdoc\springdoc-openapi-starter-webmvc-ui\2.5.0\springdoc-openapi-starter-webmvc-ui-2.5.0.jar;D:\Programs\m2\org\springdoc\springdoc-openapi-starter-webmvc-api\2.5.0\springdoc-openapi-starter-webmvc-api-2.5.0.jar;D:\Programs\m2\org\springdoc\springdoc-openapi-starter-common\2.5.0\springdoc-openapi-starter-common-2.5.0.jar;D:\Programs\m2\io\swagger\core\v3\swagger-core-jakarta\2.2.21\swagger-core-jakarta-2.2.21.jar;D:\Programs\m2\org\apache\commons\commons-lang3\3.13.0\commons-lang3-3.13.0.jar;D:\Programs\m2\io\swagger\core\v3\swagger-annotations-jakarta\2.2.21\swagger-annotations-jakarta-2.2.21.jar;D:\Programs\m2\io\swagger\core\v3\swagger-models-jakarta\2.2.21\swagger-models-jakarta-2.2.21.jar;D:\Programs\m2\com\fasterxml\jackson\dataformat\jackson-dataformat-yaml\2.15.4\jackson-dataformat-yaml-2.15.4.jar;D:\Programs\m2\org\webjars\swagger-ui\5.13.0\swagger-ui-5.13.0.jar;D:\Programs\m2\org\apache\maven\surefire\surefire-junit-platform\3.2.5\surefire-junit-platform-3.2.5.jar;D:\Programs\m2\org\apache\maven\surefire\common-java5\3.2.5\common-java5-3.2.5.jar;D:\Programs\m2\org\junit\platform\junit-platform-launcher\1.10.2\junit-platform-launcher-1.10.2.jar"/>
    <property name="LOGBACK_ROLLINGPOLICY_MAX_FILE_SIZE" value="10485760"/>
    <property name="java.vm.vendor" value="Oracle Corporation"/>
    <property name="net.bytebuddy.experimental" value="true"/>
    <property name="sun.arch.data.model" value="64"/>
    <property name="user.variant" value=""/>
    <property name="java.vendor.url" value="https://java.oracle.com/"/>
    <property name="user.timezone" value="America/Sao_Paulo"/>
    <property name="org.jboss.logging.provider" value="slf4j"/>
    <property name="os.name" value="Windows 11"/>
    <property name="java.vm.specification.version" value="23"/>
    <property name="user.country" value="US"/>
    <property name="sun.java.launcher" value="SUN_STANDARD"/>
    <property name="sun.boot.library.path" value="D:\Programs\.jdks\openjdk-23\bin"/>
    <property name="sun.java.command" value="org.apache.maven.surefire.booter.ForkedBooter C:\Users\nsouz\AppData\Local\Temp\surefire17628149335083303823 2025-09-08T07-39-48_985-jvmRun1 surefire-20250908073949260_1tmp surefire_0-20250908073949260_2tmp"/>
    <property name="jdk.debug" value="release"/>
    <property name="surefire.test.class.path" value="d:\Projetos\craweb\cra-backend\target\test-classes;d:\Projetos\craweb\cra-backend\target\classes;D:\Programs\m2\org\springframework\boot\spring-boot-starter-web\3.2.5\spring-boot-starter-web-3.2.5.jar;D:\Programs\m2\org\springframework\boot\spring-boot-starter\3.2.5\spring-boot-starter-3.2.5.jar;D:\Programs\m2\org\springframework\boot\spring-boot\3.2.5\spring-boot-3.2.5.jar;D:\Programs\m2\org\springframework\boot\spring-boot-autoconfigure\3.2.5\spring-boot-autoconfigure-3.2.5.jar;D:\Programs\m2\org\springframework\boot\spring-boot-starter-logging\3.2.5\spring-boot-starter-logging-3.2.5.jar;D:\Programs\m2\ch\qos\logback\logback-classic\1.4.14\logback-classic-1.4.14.jar;D:\Programs\m2\ch\qos\logback\logback-core\1.4.14\logback-core-1.4.14.jar;D:\Programs\m2\org\apache\logging\log4j\log4j-to-slf4j\2.21.1\log4j-to-slf4j-2.21.1.jar;D:\Programs\m2\org\apache\logging\log4j\log4j-api\2.21.1\log4j-api-2.21.1.jar;D:\Programs\m2\org\slf4j\jul-to-slf4j\2.0.13\jul-to-slf4j-2.0.13.jar;D:\Programs\m2\jakarta\annotation\jakarta.annotation-api\2.1.1\jakarta.annotation-api-2.1.1.jar;D:\Programs\m2\org\yaml\snakeyaml\2.2\snakeyaml-2.2.jar;D:\Programs\m2\org\springframework\boot\spring-boot-starter-json\3.2.5\spring-boot-starter-json-3.2.5.jar;D:\Programs\m2\com\fasterxml\jackson\datatype\jackson-datatype-jdk8\2.15.4\jackson-datatype-jdk8-2.15.4.jar;D:\Programs\m2\com\fasterxml\jackson\datatype\jackson-datatype-jsr310\2.15.4\jackson-datatype-jsr310-2.15.4.jar;D:\Programs\m2\com\fasterxml\jackson\module\jackson-module-parameter-names\2.15.4\jackson-module-parameter-names-2.15.4.jar;D:\Programs\m2\org\springframework\boot\spring-boot-starter-tomcat\3.2.5\spring-boot-starter-tomcat-3.2.5.jar;D:\Programs\m2\org\apache\tomcat\embed\tomcat-embed-core\10.1.20\tomcat-embed-core-10.1.20.jar;D:\Programs\m2\org\apache\tomcat\embed\tomcat-embed-websocket\10.1.20\tomcat-embed-websocket-10.1.20.jar;D:\Programs\m2\org\springframework\spring-web\6.1.6\spring-web-6.1.6.jar;D:\Programs\m2\org\springframework\spring-beans\6.1.6\spring-beans-6.1.6.jar;D:\Programs\m2\io\micrometer\micrometer-observation\1.12.5\micrometer-observation-1.12.5.jar;D:\Programs\m2\io\micrometer\micrometer-commons\1.12.5\micrometer-commons-1.12.5.jar;D:\Programs\m2\org\springframework\spring-webmvc\6.1.6\spring-webmvc-6.1.6.jar;D:\Programs\m2\org\springframework\spring-context\6.1.6\spring-context-6.1.6.jar;D:\Programs\m2\org\springframework\spring-expression\6.1.6\spring-expression-6.1.6.jar;D:\Programs\m2\org\springframework\boot\spring-boot-starter-data-jpa\3.2.5\spring-boot-starter-data-jpa-3.2.5.jar;D:\Programs\m2\org\springframework\boot\spring-boot-starter-aop\3.2.5\spring-boot-starter-aop-3.2.5.jar;D:\Programs\m2\org\aspectj\aspectjweaver\1.9.22\aspectjweaver-1.9.22.jar;D:\Programs\m2\org\springframework\boot\spring-boot-starter-jdbc\3.2.5\spring-boot-starter-jdbc-3.2.5.jar;D:\Programs\m2\com\zaxxer\HikariCP\5.0.1\HikariCP-5.0.1.jar;D:\Programs\m2\org\springframework\spring-jdbc\6.1.6\spring-jdbc-6.1.6.jar;D:\Programs\m2\org\hibernate\orm\hibernate-core\6.4.4.Final\hibernate-core-6.4.4.Final.jar;D:\Programs\m2\jakarta\persistence\jakarta.persistence-api\3.1.0\jakarta.persistence-api-3.1.0.jar;D:\Programs\m2\jakarta\transaction\jakarta.transaction-api\2.0.1\jakarta.transaction-api-2.0.1.jar;D:\Programs\m2\org\jboss\logging\jboss-logging\3.5.3.Final\jboss-logging-3.5.3.Final.jar;D:\Programs\m2\org\hibernate\common\hibernate-commons-annotations\6.0.6.Final\hibernate-commons-annotations-6.0.6.Final.jar;D:\Programs\m2\io\smallrye\jandex\3.1.2\jandex-3.1.2.jar;D:\Programs\m2\com\fasterxml\classmate\1.6.0\classmate-1.6.0.jar;D:\Programs\m2\org\glassfish\jaxb\jaxb-runtime\4.0.5\jaxb-runtime-4.0.5.jar;D:\Programs\m2\org\glassfish\jaxb\jaxb-core\4.0.5\jaxb-core-4.0.5.jar;D:\Programs\m2\org\eclipse\angus\angus-activation\2.0.2\angus-activation-2.0.2.jar;D:\Programs\m2\org\glassfish\jaxb\txw2\4.0.5\txw2-4.0.5.jar;D:\Programs\m2\com\sun\istack\istack-commons-runtime\4.1.2\istack-commons-runtime-4.1.2.jar;D:\Programs\m2\jakarta\inject\jakarta.inject-api\2.0.1\jakarta.inject-api-2.0.1.jar;D:\Programs\m2\org\antlr\antlr4-runtime\4.13.0\antlr4-runtime-4.13.0.jar;D:\Programs\m2\org\springframework\data\spring-data-jpa\3.2.5\spring-data-jpa-3.2.5.jar;D:\Programs\m2\org\springframework\data\spring-data-commons\3.2.5\spring-data-commons-3.2.5.jar;D:\Programs\m2\org\springframework\spring-orm\6.1.6\spring-orm-6.1.6.jar;D:\Programs\m2\org\springframework\spring-tx\6.1.6\spring-tx-6.1.6.jar;D:\Programs\m2\org\slf4j\slf4j-api\2.0.13\slf4j-api-2.0.13.jar;D:\Programs\m2\org\springframework\spring-aspects\6.1.6\spring-aspects-6.1.6.jar;D:\Programs\m2\org\springframework\boot\spring-boot-starter-validation\3.2.5\spring-boot-starter-validation-3.2.5.jar;D:\Programs\m2\org\apache\tomcat\embed\tomcat-embed-el\10.1.20\tomcat-embed-el-10.1.20.jar;D:\Programs\m2\org\hibernate\validator\hibernate-validator\8.0.1.Final\hibernate-validator-8.0.1.Final.jar;D:\Programs\m2\jakarta\validation\jakarta.validation-api\3.0.2\jakarta.validation-api-3.0.2.jar;D:\Programs\m2\org\springframework\boot\spring-boot-starter-security\3.2.5\spring-boot-starter-security-3.2.5.jar;D:\Programs\m2\org\springframework\spring-aop\6.1.6\spring-aop-6.1.6.jar;D:\Programs\m2\org\springframework\security\spring-security-config\6.2.4\spring-security-config-6.2.4.jar;D:\Programs\m2\org\springframework\security\spring-security-core\6.2.4\spring-security-core-6.2.4.jar;D:\Programs\m2\org\springframework\security\spring-security-crypto\6.2.4\spring-security-crypto-6.2.4.jar;D:\Programs\m2\org\springframework\security\spring-security-web\6.2.4\spring-security-web-6.2.4.jar;D:\Programs\m2\io\jsonwebtoken\jjwt-api\0.11.5\jjwt-api-0.11.5.jar;D:\Programs\m2\io\jsonwebtoken\jjwt-impl\0.11.5\jjwt-impl-0.11.5.jar;D:\Programs\m2\io\jsonwebtoken\jjwt-jackson\0.11.5\jjwt-jackson-0.11.5.jar;D:\Programs\m2\org\postgresql\postgresql\42.6.2\postgresql-42.6.2.jar;D:\Programs\m2\org\checkerframework\checker-qual\3.31.0\checker-qual-3.31.0.jar;D:\Programs\m2\com\h2database\h2\2.2.224\h2-2.2.224.jar;D:\Programs\m2\org\springframework\boot\spring-boot-starter-test\3.2.5\spring-boot-starter-test-3.2.5.jar;D:\Programs\m2\org\springframework\boot\spring-boot-test\3.2.5\spring-boot-test-3.2.5.jar;D:\Programs\m2\org\springframework\boot\spring-boot-test-autoconfigure\3.2.5\spring-boot-test-autoconfigure-3.2.5.jar;D:\Programs\m2\com\jayway\jsonpath\json-path\2.9.0\json-path-2.9.0.jar;D:\Programs\m2\jakarta\xml\bind\jakarta.xml.bind-api\4.0.2\jakarta.xml.bind-api-4.0.2.jar;D:\Programs\m2\jakarta\activation\jakarta.activation-api\2.1.3\jakarta.activation-api-2.1.3.jar;D:\Programs\m2\net\minidev\json-smart\2.5.1\json-smart-2.5.1.jar;D:\Programs\m2\net\minidev\accessors-smart\2.5.1\accessors-smart-2.5.1.jar;D:\Programs\m2\org\ow2\asm\asm\9.6\asm-9.6.jar;D:\Programs\m2\org\assertj\assertj-core\3.24.2\assertj-core-3.24.2.jar;D:\Programs\m2\org\awaitility\awaitility\4.2.1\awaitility-4.2.1.jar;D:\Programs\m2\org\hamcrest\hamcrest\2.2\hamcrest-2.2.jar;D:\Programs\m2\org\junit\jupiter\junit-jupiter\5.10.2\junit-jupiter-5.10.2.jar;D:\Programs\m2\org\junit\jupiter\junit-jupiter-api\5.10.2\junit-jupiter-api-5.10.2.jar;D:\Programs\m2\org\opentest4j\opentest4j\1.3.0\opentest4j-1.3.0.jar;D:\Programs\m2\org\junit\platform\junit-platform-commons\1.10.2\junit-platform-commons-1.10.2.jar;D:\Programs\m2\org\apiguardian\apiguardian-api\1.1.2\apiguardian-api-1.1.2.jar;D:\Programs\m2\org\junit\jupiter\junit-jupiter-params\5.10.2\junit-jupiter-params-5.10.2.jar;D:\Programs\m2\org\junit\jupiter\junit-jupiter-engine\5.10.2\junit-jupiter-engine-5.10.2.jar;D:\Programs\m2\org\junit\platform\junit-platform-engine\1.10.2\junit-platform-engine-1.10.2.jar;D:\Programs\m2\org\mockito\mockito-junit-jupiter\5.7.0\mockito-junit-jupiter-5.7.0.jar;D:\Programs\m2\org\skyscreamer\jsonassert\1.5.1\jsonassert-1.5.1.jar;D:\Programs\m2\com\vaadin\external\google\android-json\0.0.20131108.vaadin1\android-json-0.0.20131108.vaadin1.jar;D:\Programs\m2\org\springframework\spring-core\6.1.6\spring-core-6.1.6.jar;D:\Programs\m2\org\springframework\spring-jcl\6.1.6\spring-jcl-6.1.6.jar;D:\Programs\m2\org\springframework\spring-test\6.1.6\spring-test-6.1.6.jar;D:\Programs\m2\org\xmlunit\xmlunit-core\2.9.1\xmlunit-core-2.9.1.jar;D:\Programs\m2\org\mockito\mockito-core\5.7.0\mockito-core-5.7.0.jar;D:\Programs\m2\net\bytebuddy\byte-buddy\1.14.13\byte-buddy-1.14.13.jar;D:\Programs\m2\net\bytebuddy\byte-buddy-agent\1.14.13\byte-buddy-agent-1.14.13.jar;D:\Programs\m2\org\objenesis\objenesis\3.3\objenesis-3.3.jar;D:\Programs\m2\com\fasterxml\jackson\core\jackson-databind\2.15.4\jackson-databind-2.15.4.jar;D:\Programs\m2\com\fasterxml\jackson\core\jackson-annotations\2.15.4\jackson-annotations-2.15.4.jar;D:\Programs\m2\com\fasterxml\jackson\core\jackson-core\2.15.4\jackson-core-2.15.4.jar;D:\Programs\m2\org\projectlombok\lombok\1.18.30\lombok-1.18.30.jar;D:\Programs\m2\org\springdoc\springdoc-openapi-starter-webmvc-ui\2.5.0\springdoc-openapi-starter-webmvc-ui-2.5.0.jar;D:\Programs\m2\org\springdoc\springdoc-openapi-starter-webmvc-api\2.5.0\springdoc-openapi-starter-webmvc-api-2.5.0.jar;D:\Programs\m2\org\springdoc\springdoc-openapi-starter-common\2.5.0\springdoc-openapi-starter-common-2.5.0.jar;D:\Programs\m2\io\swagger\core\v3\swagger-core-jakarta\2.2.21\swagger-core-jakarta-2.2.21.jar;D:\Programs\m2\org\apache\commons\commons-lang3\3.13.0\commons-lang3-3.13.0.jar;D:\Programs\m2\io\swagger\core\v3\swagger-annotations-jakarta\2.2.21\swagger-annotations-jakarta-2.2.21.jar;D:\Programs\m2\io\swagger\core\v3\swagger-models-jakarta\2.2.21\swagger-models-jakarta-2.2.21.jar;D:\Programs\m2\com\fasterxml\jackson\dataformat\jackson-dataformat-yaml\2.15.4\jackson-dataformat-yaml-2.15.4.jar;D:\Programs\m2\org\webjars\swagger-ui\5.13.0\swagger-ui-5.13.0.jar;"/>
    <property name="sun.cpu.endian" value="little"/>
    <property name="user.home" value="C:\Users\nsouz"/>
    <property name="user.language" value="en"/>
    <property name="java.specification.vendor" value="Oracle Corporation"/>
    <property name="java.version.date" value="2025-01-21"/>
    <property name="java.home" value="D:\Programs\.jdks\openjdk-23"/>
    <property name="file.separator" value="\"/>
    <property name="basedir" value="d:\Projetos\craweb\cra-backend"/>
    <property name="java.vm.compressedOopsMode" value="Zero based"/>
    <property name="line.separator" value="&#10;"/>
    <property name="java.vm.specification.vendor" value="Oracle Corporation"/>
    <property name="java.specification.name" value="Java Platform API Specification"/>
    <property name="FILE_LOG_CHARSET" value="UTF-8"/>
    <property name="java.awt.headless" value="true"/>
    <property name="user.script" value=""/>
    <property name="sun.management.compiler" value="HotSpot 64-Bit Tiered Compilers"/>
    <property name="java.runtime.version" value="23.0.2+7-58"/>
    <property name="user.name" value="nsouz"/>
    <property name="stdout.encoding" value="Cp1252"/>
    <property name="path.separator" value=";"/>
    <property name="os.version" value="10.0"/>
    <property name="java.runtime.name" value="OpenJDK Runtime Environment"/>
    <property name="file.encoding" value="UTF-8"/>
    <property name="java.vm.name" value="OpenJDK 64-Bit Server VM"/>
    <property name="LOG_FILE" value="logs/cra-backend.log"/>
    <property name="localRepository" value="D:\Programs\m2"/>
    <property name="java.vendor.url.bug" value="https://bugreport.java.com/bugreport/"/>
    <property name="java.io.tmpdir" value="C:\Users\nsouz\AppData\Local\Temp\"/>
    <property name="java.version" value="23.0.2"/>
    <property name="user.dir" value="d:\Projetos\craweb\cra-backend"/>
    <property name="os.arch" value="amd64"/>
    <property name="java.vm.specification.name" value="Java Virtual Machine Specification"/>
    <property name="PID" value="33392"/>
    <property name="sun.os.patch.level" value=""/>
    <property name="CONSOLE_LOG_CHARSET" value="UTF-8"/>
    <property name="LOGBACK_ROLLINGPOLICY_MAX_HISTORY" value="30"/>
    <property name="native.encoding" value="Cp1252"/>
    <property name="java.library.path" value="D:\Programs\.jdks\openjdk-23\bin;C:\WINDOWS\Sun\Java\bin;C:\WINDOWS\system32;C:\WINDOWS;C:\Python313\Scripts\;C:\Python313\;C:\Program Files (x86)\NVIDIA Corporation\PhysX\Common;C:\WINDOWS\system32;C:\WINDOWS;C:\WINDOWS\System32\Wbem;C:\WINDOWS\System32\WindowsPowerShell\v1.0\;C:\WINDOWS\System32\OpenSSH\;C:\ProgramData\chocolatey\bin;C:\Program Files\NVIDIA Corporation\NVIDIA app\NvDLISR;C:\Program Files (x86)\Windows Kits\8.1\Windows Performance Toolkit\;C:\Program Files (x86)\Microsoft SQL Server\160\Tools\Binn\;C:\Program Files\Microsoft SQL Server\160\Tools\Binn\;C:\Program Files\Microsoft SQL Server\Client SDK\ODBC\170\Tools\Binn\;C:\Program Files\Microsoft SQL Server\160\DTS\Binn\;C:\Program Files\dotnet\;C:\Program Files\PuTTY\;C:\Program Files\Microsoft VS Code\bin;D:\Programs\Go\bin;D:\Programs\Git\cmd;C:\Program Files (x86)\Bitvise SSH Client;C:\Program Files\Docker\Docker\resources\bin;C:\Program Files\nodejs\;C:\Program Files (x86)\Windows Kits\10\Windows Performance Toolkit\;D:\Programs\apache-maven-3.9.11\bin;C:\Users\nsouz\AppData\Roaming\npm;D:\Programs\mingw64;C:\Users\nsouz\AppData\Local\Programs\Python\Python312\;C:\Users\nsouz\AppData\Local\Microsoft\WindowsApps;D:\Programs\Microsoft VS Code\bin;D:\Programs\IntelliJ IDEA Community Edition 2024.3.2.1\bin;;D:\Programs\flutter_windows_3.27.3-stable\flutter\bin;C:\tools\dart-sdk\bin;C:\Users\nsouz\AppData\Local\Pub\Cache\bin;D:\Programs\PyCharm Community Edition 2024.2.4\bin;;D:\Programs\.jdks\openjdk-23\bin;C:\Users\nsouz\AppData\Local\Programs\Ollama;C:\Users\nsouz\go\bin;D:\Programs\mingw64\bin;C:\Users\nsouz\AppData\Roaming\npm;C:\Users\nsouz\AppData\Local\Microsoft\WinGet\Packages\zig.zig_Microsoft.Winget.Source_8wekyb3d8bbwe\zig-windows-x86_64-0.14.0;D:\Programs\NASM;D:\Programs\Qoder\bin;D:\Programs\apache-maven-3.9.11\lib;C:\Program Files\nodejs;;."/>
    <property name="java.vm.info" value="mixed mode, sharing"/>
    <property name="stderr.encoding" value="Cp1252"/>
    <property name="java.vendor" value="Oracle Corporation"/>
    <property name="java.vm.version" value="23.0.2+7-58"/>
    <property name="sun.io.unicode.encoding" value="UnicodeLittle"/>
    <property name="java.class.version" value="67.0"/>
  </properties>
  <testcase name="testBuscarPorId_Success" classname="br.adv.cra.controller.UfControllerTest" time="0.126">
    <system-out><![CDATA[2025-09-08T07:40:12.531-03:00  INFO 33392 --- [           main] o.s.mock.web.MockServletContext          : Initializing Spring TestDispatcherServlet ''
2025-09-08T07:40:12.532-03:00  INFO 33392 --- [           main] o.s.t.web.servlet.TestDispatcherServlet  : Initializing Servlet ''
2025-09-08T07:40:12.532-03:00  INFO 33392 --- [           main] o.s.t.web.servlet.TestDispatcherServlet  : Completed initialization in 0 ms
]]></system-out>
  </testcase>
  <testcase name="testBuscarPorSigla_NotFound" classname="br.adv.cra.controller.UfControllerTest" time="0.021">
    <system-out><![CDATA[2025-09-08T07:40:12.555-03:00  INFO 33392 --- [           main] o.s.mock.web.MockServletContext          : Initializing Spring TestDispatcherServlet ''
2025-09-08T07:40:12.556-03:00  INFO 33392 --- [           main] o.s.t.web.servlet.TestDispatcherServlet  : Initializing Servlet ''
2025-09-08T07:40:12.557-03:00  INFO 33392 --- [           main] o.s.t.web.servlet.TestDispatcherServlet  : Completed initialization in 1 ms
]]></system-out>
  </testcase>
  <testcase name="testBuscarPorId_NotFound" classname="br.adv.cra.controller.UfControllerTest" time="0.022">
    <system-out><![CDATA[2025-09-08T07:40:12.579-03:00  INFO 33392 --- [           main] o.s.mock.web.MockServletContext          : Initializing Spring TestDispatcherServlet ''
2025-09-08T07:40:12.579-03:00  INFO 33392 --- [           main] o.s.t.web.servlet.TestDispatcherServlet  : Initializing Servlet ''
2025-09-08T07:40:12.581-03:00  INFO 33392 --- [           main] o.s.t.web.servlet.TestDispatcherServlet  : Completed initialization in 0 ms
]]></system-out>
  </testcase>
  <testcase name="testListarTodas" classname="br.adv.cra.controller.UfControllerTest" time="0.03">
    <system-out><![CDATA[2025-09-08T07:40:12.609-03:00  INFO 33392 --- [           main] o.s.mock.web.MockServletContext          : Initializing Spring TestDispatcherServlet ''
2025-09-08T07:40:12.609-03:00  INFO 33392 --- [           main] o.s.t.web.servlet.TestDispatcherServlet  : Initializing Servlet ''
2025-09-08T07:40:12.610-03:00  INFO 33392 --- [           main] o.s.t.web.servlet.TestDispatcherServlet  : Completed initialization in 1 ms
]]></system-out>
  </testcase>
  <testcase name="testBuscarPorNome" classname="br.adv.cra.controller.UfControllerTest" time="0.022">
    <system-out><![CDATA[2025-09-08T07:40:12.635-03:00  INFO 33392 --- [           main] o.s.mock.web.MockServletContext          : Initializing Spring TestDispatcherServlet ''
2025-09-08T07:40:12.636-03:00  INFO 33392 --- [           main] o.s.t.web.servlet.TestDispatcherServlet  : Initializing Servlet ''
2025-09-08T07:40:12.636-03:00  INFO 33392 --- [           main] o.s.t.web.servlet.TestDispatcherServlet  : Completed initialization in 0 ms
]]></system-out>
  </testcase>
  <testcase name="testBuscarPorSigla_Success" classname="br.adv.cra.controller.UfControllerTest" time="0.022">
    <system-out><![CDATA[2025-09-08T07:40:12.658-03:00  INFO 33392 --- [           main] o.s.mock.web.MockServletContext          : Initializing Spring TestDispatcherServlet ''
2025-09-08T07:40:12.658-03:00  INFO 33392 --- [           main] o.s.t.web.servlet.TestDispatcherServlet  : Initializing Servlet ''
2025-09-08T07:40:12.658-03:00  INFO 33392 --- [           main] o.s.t.web.servlet.TestDispatcherServlet  : Completed initialization in 0 ms
]]></system-out>
  </testcase>
</testsuite>